Unity Editor version:    6000.0.43f1 (97272b72f107)
Branch:                  6000.0/release
Build type:              Release
Batch mode:              YES
System name:             Linux
Distro version:          #1 SMP PREEMPT_DYNAMIC Thu Jul 24 18:20:56 UTC 2025
Kernel version:          6.15.8-200.nobara.fc42.x86_64
Architecture:            x86_64
Available memory:        15210 MB
Using pre-set license
Pro License: YES
The selected window backend is (null) 
Desktop is 1920 x 1080 @ 60 Hz
Initialize udev device monitor.

COMMAND LINE ARGUMENTS:
Unity
-adb2
-batchMode
-noUpm
-name
AssetImportWorker1
-projectPath
/home/holden/Documents/Project/Caravan/caravan
-logFile
Logs/AssetImportWorker1.log
-srvPort
43215
-job-worker-count
7
-background-job-worker-count
8
-gc-helper-count
1
Successfully changed project path to: /home/holden/Documents/Project/Caravan/caravan

(Unity:27450): Gtk-CRITICAL **: 20:25:10.130: gtk_label_set_text: assertion 'GTK_IS_LABEL (label)' failed

(Unity:27450): Gtk-CRITICAL **: 20:25:10.131: gtk_label_set_text: assertion 'GTK_IS_LABEL (label)' failed
/home/holden/Documents/Project/Caravan/caravan
[UnityMemory] Configuration Parameters - Can be set up in boot.config
    "memorysetup-bucket-allocator-granularity=16"
    "memorysetup-bucket-allocator-bucket-count=8"
    "memorysetup-bucket-allocator-block-size=33554432"
    "memorysetup-bucket-allocator-block-count=8"
    "memorysetup-main-allocator-block-size=16777216"
    "memorysetup-thread-allocator-block-size=16777216"
    "memorysetup-gfx-main-allocator-block-size=16777216"
    "memorysetup-gfx-thread-allocator-block-size=16777216"
    "memorysetup-cache-allocator-block-size=4194304"
    "memorysetup-typetree-allocator-block-size=2097152"
    "memorysetup-profiler-bucket-allocator-granularity=16"
    "memorysetup-profiler-bucket-allocator-bucket-count=8"
    "memorysetup-profiler-bucket-allocator-block-size=33554432"
    "memorysetup-profiler-bucket-allocator-block-count=8"
    "memorysetup-profiler-allocator-block-size=16777216"
    "memorysetup-profiler-editor-allocator-block-size=1048576"
    "memorysetup-temp-allocator-size-main=16777216"
    "memorysetup-job-temp-allocator-block-size=2097152"
    "memorysetup-job-temp-allocator-block-size-background=1048576"
    "memorysetup-job-temp-allocator-reduction-small-platforms=262144"
    "memorysetup-allocator-temp-initial-block-size-main=262144"
    "memorysetup-allocator-temp-initial-block-size-worker=262144"
    "memorysetup-temp-allocator-size-background-worker=32768"
    "memorysetup-temp-allocator-size-job-worker=262144"
    "memorysetup-temp-allocator-size-preload-manager=33554432"
    "memorysetup-temp-allocator-size-nav-mesh-worker=65536"
    "memorysetup-temp-allocator-size-audio-worker=65536"
    "memorysetup-temp-allocator-size-cloud-worker=32768"
    "memorysetup-temp-allocator-size-gi-baking-worker=262144"
    "memorysetup-temp-allocator-size-gi-baking-worker=262144"
    "memorysetup-temp-allocator-size-gi-baking-worker=262144"
    "memorysetup-temp-allocator-size-gi-baking-worker=262144"
    "memorysetup-temp-allocator-size-gi-baking-worker=262144"
    "memorysetup-temp-allocator-size-gfx=262144"
Player connection [140136759387200]  Target information:

Player connection [140136759387200]  * "[IP] 10.0.0.134 [Port] 0 [Flags] 2 [Guid] 979453578 [EditorId] 979453578 [Version] 1048832 [Id] LinuxEditor(16,10.0.0.134) [Debug] 1 [PackageName] LinuxEditor [ProjectName] Editor" 

Player connection [140136759387200] Host joined multi-casting on [225.0.0.222:54997]...
Player connection [140136759387200] Host joined alternative multi-casting on [225.0.0.222:34997]...
JobSystem: Creating JobQueue using job-worker-count value 7
Input System module state changed to: Initialized.
[Physics::Module] Initialized fallback backend.
[Physics::Module] Id: 0xdecafbad
Library Redirect Path: Library/
[Physics::Module] Selected backend.
[Physics::Module] Name: PhysX
[Physics::Module] Id: 0xf2b8ea05
[Physics::Module] SDK Version: 4.1.2
[Physics::Module] Integration Version: 1.0.0
[Physics::Module] Threading Mode: Multi-Threaded
Refreshing native plugins compatible for Editor in 0.90 ms, found 1 plugins.
Preloading 0 native plugins for Editor in 0.00 ms.
Initialize engine version: 6000.0.43f1 (97272b72f107)
[Subsystems] Discovering subsystems at path /home/holden/Unity/Hub/Editor/6000.0.43f1/Editor/Data/Resources/UnitySubsystems
[Subsystems] Discovering subsystems at path /home/holden/Documents/Project/Caravan/caravan/Assets
kGfxThreadingModeNonThreaded is not supported on OpenGL Core. Reverting to kGfxThreadingModeDirect instead.
GfxDevice: creating device client; kGfxThreadingModeDirect
GLX Extensions: GLX_ARB_context_flush_control GLX_ARB_create_context GLX_ARB_create_context_no_error GLX_ARB_create_context_profile GLX_ARB_create_context_robustness GLX_ARB_fbconfig_float GLX_ARB_framebuffer_sRGB GLX_ARB_get_proc_address GLX_ARB_multisample GLX_EXT_buffer_age GLX_EXT_create_context_es2_profile GLX_EXT_create_context_es_profile GLX_EXT_fbconfig_packed_float GLX_EXT_framebuffer_sRGB GLX_EXT_no_config_context GLX_EXT_swap_control GLX_EXT_swap_control_tear GLX_EXT_texture_from_pixmap GLX_EXT_visual_info GLX_EXT_visual_rating GLX_MESA_copy_sub_buffer GLX_MESA_gl_interop GLX_MESA_query_renderer GLX_MESA_swap_control GLX_OML_sync_control GLX_SGIS_multisample GLX_SGIX_fbconfig GLX_SGIX_pbuffer GLX_SGIX_visual_select_group GLX_SGI_make_current_read GLX_SGI_video_sync 
Renderer: AMD Radeon 680M (radeonsi, rembrandt, LLVM 19.1.7, DRM 3.63, 6.15.8-200.nobara.fc42.x86_64)
Vendor:   AMD
Version:  4.6 (Core Profile) Mesa 25.1.7 (git-581a4f7e70)
GLES:     0
 GL_AMD_conservative_depth GL_AMD_depth_clamp_separate GL_AMD_draw_buffers_blend GL_AMD_framebuffer_multisample_advanced GL_AMD_gpu_shader_int64 GL_AMD_multi_draw_indirect GL_AMD_performance_monitor GL_AMD_pinned_memory GL_AMD_query_buffer_object GL_AMD_seamless_cubemap_per_texture GL_AMD_shader_stencil_export GL_AMD_shader_trinary_minmax GL_AMD_texture_texture4 GL_AMD_vertex_shader_layer GL_AMD_vertex_shader_viewport_index GL_ANGLE_texture_compression_dxt3 GL_ANGLE_texture_compression_dxt5 GL_ARB_ES2_compatibility GL_ARB_ES3_1_compatibility GL_ARB_ES3_2_compatibility GL_ARB_ES3_compatibility GL_ARB_arrays_of_arrays GL_ARB_base_instance GL_ARB_bindless_texture GL_ARB_blend_func_extended GL_ARB_buffer_storage GL_ARB_clear_buffer_object GL_ARB_clear_texture GL_ARB_clip_control GL_ARB_color_buffer_float GL_ARB_compressed_texture_pixel_storage GL_ARB_compute_shader GL_ARB_compute_variable_group_size GL_ARB_conditional_render_inverted GL_ARB_conservative_depth GL_ARB_copy_buffer GL_ARB_copy_image GL_ARB_cull_dist
ance GL_ARB_debug_output GL_ARB_depth_buffer_float GL_ARB_depth_clamp GL_ARB_derivative_control GL_ARB_direct_state_access GL_ARB_draw_buffers GL_ARB_draw_buffers_blend GL_ARB_draw_elements_base_vertex GL_ARB_draw_indirect GL_ARB_draw_instanced GL_ARB_enhanced_layouts GL_ARB_explicit_attrib_location GL_ARB_explicit_uniform_location GL_ARB_fragment_coord_conventions GL_ARB_fragment_layer_viewport GL_ARB_fragment_shader GL_ARB_framebuffer_no_attachments GL_ARB_framebuffer_object GL_ARB_framebuffer_sRGB GL_ARB_get_program_binary GL_ARB_get_texture_sub_image GL_ARB_gl_spirv GL_ARB_gpu_shader5 GL_ARB_gpu_shader_fp64 GL_ARB_gpu_shader_int64 GL_ARB_half_float_pixel GL_ARB_half_float_vertex GL_ARB_indirect_parameters GL_ARB_instanced_arrays GL_ARB_internalformat_query GL_ARB_internalformat_query2 GL_ARB_invalidate_subdata GL_ARB_map_buffer_alignment GL_ARB_map_buffer_range GL_ARB_multi_bind GL_ARB_multi_draw_indirect GL_ARB_occlusion_query2 GL_ARB_parallel_shader_compile GL_ARB_pipeline_statistics_query GL_ARB_pixel
_buffer_object GL_ARB_point_sprite GL_ARB_polygon_offset_clamp GL_ARB_post_depth_coverage GL_ARB_program_interface_query GL_ARB_provoking_vertex GL_ARB_query_buffer_object GL_ARB_robust_buffer_access_behavior GL_ARB_robustness GL_ARB_sample_shading GL_ARB_sampler_objects GL_ARB_seamless_cube_map GL_ARB_seamless_cubemap_per_texture GL_ARB_separate_shader_objects GL_ARB_shader_atomic_counter_ops GL_ARB_shader_atomic_counters GL_ARB_shader_ballot GL_ARB_shader_bit_encoding GL_ARB_shader_clock GL_ARB_shader_draw_parameters GL_ARB_shader_group_vote GL_ARB_shader_image_load_store GL_ARB_shader_image_size GL_ARB_shader_objects GL_ARB_shader_precision GL_ARB_shader_stencil_export GL_ARB_shader_storage_buffer_object GL_ARB_shader_subroutine GL_ARB_shader_texture_image_samples GL_ARB_shader_texture_lod GL_ARB_shader_viewport_layer_array GL_ARB_shading_language_420pack GL_ARB_shading_language_include GL_ARB_shading_language_packing GL_ARB_sparse_buffer GL_ARB_sparse_texture GL_ARB_sparse_texture2 GL_ARB_sparse_texture_
clamp GL_ARB_spirv_extensions GL_ARB_stencil_texturing GL_ARB_sync GL_ARB_tessellation_shader GL_ARB_texture_barrier GL_ARB_texture_border_clamp GL_ARB_texture_buffer_object GL_ARB_texture_buffer_object_rgb32 GL_ARB_texture_buffer_range GL_ARB_texture_compression_bptc GL_ARB_texture_compression_rgtc GL_ARB_texture_cube_map_array GL_ARB_texture_filter_anisotropic GL_ARB_texture_filter_minmax GL_ARB_texture_float GL_ARB_texture_gather GL_ARB_texture_mirror_clamp_to_edge GL_ARB_texture_multisample GL_ARB_texture_non_power_of_two GL_ARB_texture_query_levels GL_ARB_texture_query_lod GL_ARB_texture_rectangle GL_ARB_texture_rg GL_ARB_texture_rgb10_a2ui GL_ARB_texture_stencil8 GL_ARB_texture_storage GL_ARB_texture_storage_multisample GL_ARB_texture_swizzle GL_ARB_texture_view GL_ARB_timer_query GL_ARB_transform_feedback2 GL_ARB_transform_feedback3 GL_ARB_transform_feedback_instanced GL_ARB_transform_feedback_overflow_query GL_ARB_uniform_buffer_object GL_ARB_vertex_array_bgra GL_ARB_vertex_array_object GL_ARB_vertex
_attrib_64bit GL_ARB_vertex_attrib_binding GL_ARB_vertex_buffer_object GL_ARB_vertex_shader GL_ARB_vertex_type_10f_11f_11f_rev GL_ARB_vertex_type_2_10_10_10_rev GL_ARB_viewport_array GL_ATI_blend_equation_separate GL_ATI_meminfo GL_ATI_texture_float GL_ATI_texture_mirror_once GL_EXT_EGL_image_storage GL_EXT_EGL_image_storage_compression GL_EXT_EGL_sync GL_EXT_abgr GL_EXT_blend_equation_separate GL_EXT_debug_label GL_EXT_demote_to_helper_invocation GL_EXT_depth_bounds_test GL_EXT_draw_buffers2 GL_EXT_draw_instanced GL_EXT_framebuffer_blit GL_EXT_framebuffer_multisample GL_EXT_framebuffer_multisample_blit_scaled GL_EXT_framebuffer_object GL_EXT_framebuffer_sRGB GL_EXT_memory_object GL_EXT_memory_object_fd GL_EXT_packed_depth_stencil GL_EXT_packed_float GL_EXT_pixel_buffer_object GL_EXT_polygon_offset_clamp GL_EXT_provoking_vertex GL_EXT_semaphore GL_EXT_semaphore_fd GL_EXT_shader_image_load_formatted GL_EXT_shader_image_load_store GL_EXT_shader_integer_mix GL_EXT_shader_samples_identical GL_EXT_texture_array G
L_EXT_texture_compression_dxt1 GL_EXT_texture_compression_rgtc GL_EXT_texture_compression_s3tc GL_EXT_texture_filter_anisotropic GL_EXT_texture_filter_minmax GL_EXT_texture_integer GL_EXT_texture_mirror_clamp GL_EXT_texture_sRGB GL_EXT_texture_sRGB_R8 GL_EXT_texture_sRGB_RG8 GL_EXT_texture_sRGB_decode GL_EXT_texture_shadow_lod GL_EXT_texture_shared_exponent GL_EXT_texture_snorm GL_EXT_texture_storage GL_EXT_texture_swizzle GL_EXT_timer_query GL_EXT_transform_feedback GL_EXT_vertex_array_bgra GL_EXT_vertex_attrib_64bit GL_EXT_window_rectangles GL_IBM_multimode_draw_arrays GL_INTEL_blackhole_render GL_KHR_blend_equation_advanced GL_KHR_context_flush_control GL_KHR_debug GL_KHR_no_error GL_KHR_parallel_shader_compile GL_KHR_robust_buffer_access_behavior GL_KHR_robustness GL_KHR_shader_subgroup GL_KHR_texture_compression_astc_ldr GL_KHR_texture_compression_astc_sliced_3d GL_MESA_framebuffer_flip_y GL_MESA_pack_invert GL_MESA_shader_integer_functions GL_MESA_texture_const_bandwidth GL_MESA_texture_signed_rgba GL_
NVX_gpu_memory_info GL_NV_alpha_to_coverage_dither_control GL_NV_compute_shader_derivatives GL_NV_conditional_render GL_NV_copy_image GL_NV_depth_clamp GL_NV_packed_depth_stencil GL_NV_shader_atomic_int64 GL_NV_texture_barrier GL_NV_vdpau_interop GL_OES_EGL_image GL_S3_s3tc
OPENGL LOG: Creating OpenGL 4.6 graphics device ; Context level  <OpenGL 4.5> ; Context handle -866757088
Shader Hidden/ProbeVolume/VoxelizeScene is not supported: GPU does not support conservative rasterization
Initialize mono
Mono path[0] = '/home/holden/Unity/Hub/Editor/6000.0.43f1/Editor/Data/Managed'
Mono path[1] = '/home/holden/Unity/Hub/Editor/6000.0.43f1/Editor/Data/MonoBleedingEdge/lib/mono/unityjit-linux'
Mono config path = '/home/holden/Unity/Hub/Editor/6000.0.43f1/Editor/Data/MonoBleedingEdge/etc'
Using monoOptions --debugger-agent=transport=dt_socket,embedding=1,server=y,suspend=n,address=127.0.0.1:56450
Begin MonoManager ReloadAssembly
Registering precompiled unity dll's ...
Register platform support module: /home/holden/Unity/Hub/Editor/6000.0.43f1/Editor/Data/PlaybackEngines/LinuxStandaloneSupport/UnityEditor.LinuxStandalone.Extensions.dll
Registered in 0.002253 seconds.
- Loaded All Assemblies, in  0.350 seconds
Native extension for LinuxStandalone target not found
Mono: successfully reloaded assembly
- Finished resetting the current domain, in  0.389 seconds
Domain Reload Profiling: 739ms
	BeginReloadAssembly (93ms)
		ExecutionOrderSort (0ms)
		DisableScriptedObjects (0ms)
		BackupInstance (0ms)
		ReleaseScriptingObjects (0ms)
		CreateAndSetChildDomain (1ms)
	RebuildCommonClasses (39ms)
	RebuildNativeTypeToScriptingClass (8ms)
	initialDomainReloadingComplete (50ms)
	LoadAllAssembliesAndSetupDomain (160ms)
		LoadAssemblies (92ms)
		RebuildTransferFunctionScriptingTraits (0ms)
		AnalyzeDomain (157ms)
			TypeCache.Refresh (155ms)
				TypeCache.ScanAssembly (141ms)
			BuildScriptInfoCaches (0ms)
			ResolveRequiredComponents (0ms)
	FinalizeReload (389ms)
		ReleaseScriptCaches (0ms)
		RebuildScriptCaches (0ms)
		SetupLoadedEditorAssemblies (337ms)
			LogAssemblyErrors (0ms)
			InitializePlatformSupportModulesInManaged (59ms)
			SetLoadedEditorAssemblies (6ms)
			BeforeProcessingInitializeOnLoad (67ms)
			ProcessInitializeOnLoadAttributes (149ms)
			ProcessInitializeOnLoadMethodAttributes (56ms)
			AfterProcessingInitializeOnLoad (0ms)
			EditorAssembliesLoaded (0ms)
		ExecutionOrderSort2 (0ms)
		AwakeInstancesAfterBackupRestoration (0ms)
========================================================================
Worker process is ready to serve import requests
Import Worker Mode flag is 0x00
Begin MonoManager ReloadAssembly
- Loaded All Assemblies, in  0.883 seconds
Refreshing native plugins compatible for Editor in 1.01 ms, found 1 plugins.
Native extension for LinuxStandalone target not found
Mono: successfully reloaded assembly
- Finished resetting the current domain, in  0.860 seconds
Domain Reload Profiling: 1741ms
	BeginReloadAssembly (167ms)
		ExecutionOrderSort (0ms)
		DisableScriptedObjects (6ms)
		BackupInstance (0ms)
		ReleaseScriptingObjects (0ms)
		CreateAndSetChildDomain (56ms)
	RebuildCommonClasses (39ms)
	RebuildNativeTypeToScriptingClass (8ms)
	initialDomainReloadingComplete (43ms)
	LoadAllAssembliesAndSetupDomain (624ms)
		LoadAssemblies (436ms)
		RebuildTransferFunctionScriptingTraits (0ms)
		AnalyzeDomain (259ms)
			TypeCache.Refresh (193ms)
				TypeCache.ScanAssembly (176ms)
			BuildScriptInfoCaches (53ms)
			ResolveRequiredComponents (10ms)
	FinalizeReload (860ms)
		ReleaseScriptCaches (0ms)
		RebuildScriptCaches (0ms)
		SetupLoadedEditorAssemblies (680ms)
			LogAssemblyErrors (0ms)
			InitializePlatformSupportModulesInManaged (42ms)
			SetLoadedEditorAssemblies (7ms)
			BeforeProcessingInitializeOnLoad (119ms)
			ProcessInitializeOnLoadAttributes (372ms)
			ProcessInitializeOnLoadMethodAttributes (135ms)
			AfterProcessingInitializeOnLoad (5ms)
			EditorAssembliesLoaded (0ms)
		ExecutionOrderSort2 (0ms)
		AwakeInstancesAfterBackupRestoration (4ms)
Shader Hidden/ProbeVolume/VoxelizeScene is not supported: GPU does not support conservative rasterization
AutoLocale: current locale expects 'C' but got 'en_US.utf8'Launched and connected shader compiler UnityShaderCompiler after 0.04 seconds
Refreshing native plugins compatible for Editor in 0.93 ms, found 1 plugins.
Preloading 0 native plugins for Editor in 0.00 ms.
Unloading 206 Unused Serialized files (Serialized files now loaded: 0)
Unloading 6552 unused Assets / (5.5 MB). Loaded Objects now: 7250.
Memory consumption went from 168.1 MB to 162.6 MB.
Total: 19.628331 ms (FindLiveObjects: 1.062853 ms CreateObjectMapping: 1.762548 ms MarkObjects: 12.382192 ms  DeleteObjects: 4.418434 ms)

========================================================================
Received Import Request.
  Time since last request: 21536.618068 seconds.
  path: Assets/InputSystem_Actions.inputactions
  artifactKey: Guid(2bcd2660ca9b64942af0de543d8d7100) Importer(815301076,1909f56bfc062723c751e8b465ee728b)
Start importing Assets/InputSystem_Actions.inputactions using Guid(2bcd2660ca9b64942af0de543d8d7100) Importer(815301076,1909f56bfc062723c751e8b465ee728b) (PreviewImporter) -> (artifact id: '1526cf67c1d1aaa9a72597cdbc7bb0b0') in 0.053842505 seconds
Number of updated asset objects reloaded before import = 0Number of asset objects unloaded after import = 19

========================================================================
Received Import Request.
  Time since last request: 31.755318 seconds.
  path: Assets/DefaultVolumeProfile.asset
  artifactKey: Guid(3f9215ea0144899419cfbc0957140d3f) Importer(2089858483,192608db42251d675da83286b1cce702)
Start importing Assets/DefaultVolumeProfile.asset using Guid(3f9215ea0144899419cfbc0957140d3f) Importer(2089858483,192608db42251d675da83286b1cce702) (ScriptedImporter) -> (artifact id: 'd9a07c4d36772e6f959271134da74a1e') in 0.207599201 seconds
Number of updated asset objects reloaded before import = 0Number of asset objects unloaded after import = 0

========================================================================
Received Import Request.
  Time since last request: 0.000018 seconds.
  path: Assets/Settings/Renderer2D.asset
  artifactKey: Guid(424799608f7334c24bf367e4bbfa7f9a) Importer(2089858483,192608db42251d675da83286b1cce702)
Start importing Assets/Settings/Renderer2D.asset using Guid(424799608f7334c24bf367e4bbfa7f9a) Importer(2089858483,192608db42251d675da83286b1cce702) (ScriptedImporter) -> (artifact id: 'cbf1309de9bbfb34bd41c7ab4aec00fc') in 0.046412322 seconds
Number of updated asset objects reloaded before import = 0Number of asset objects unloaded after import = 1

========================================================================
Received Import Request.
  Time since last request: 0.000021 seconds.
  path: Assets/Settings/Lit2DSceneTemplate.scenetemplate
  artifactKey: Guid(d03ed43fc9d8a4f2e9fa70c1c7916eb9) Importer(2089858483,192608db42251d675da83286b1cce702)
Start importing Assets/Settings/Lit2DSceneTemplate.scenetemplate using Guid(d03ed43fc9d8a4f2e9fa70c1c7916eb9) Importer(2089858483,192608db42251d675da83286b1cce702) (ScriptedImporter) -> (artifact id: '31098cb319d864c12982f9e9bf32858a') in 0.043540414 seconds
Number of updated asset objects reloaded before import = 0Number of asset objects unloaded after import = 4

========================================================================
Received Import Request.
  Time since last request: 0.000011 seconds.
  path: Assets/Settings/UniversalRP.asset
  artifactKey: Guid(681886c5eb7344803b6206f758bf0b1c) Importer(2089858483,192608db42251d675da83286b1cce702)
Start importing Assets/Settings/UniversalRP.asset using Guid(681886c5eb7344803b6206f758bf0b1c) Importer(2089858483,192608db42251d675da83286b1cce702) (ScriptedImporter) -> (artifact id: '73d8b6b0e70ad16d0eafd8fd70cbd253') in 0.047517454 seconds
Number of updated asset objects reloaded before import = 0Number of asset objects unloaded after import = 1

========================================================================
Received Import Request.
  Time since last request: 428.086837 seconds.
  path: Assets/Art/UI/Sprites/Panels
  artifactKey: Guid(bfd735b47825b07adaf7101d88c16fd6) Importer(2089858483,192608db42251d675da83286b1cce702)
Start importing Assets/Art/UI/Sprites/Panels using Guid(bfd735b47825b07adaf7101d88c16fd6) Importer(2089858483,192608db42251d675da83286b1cce702) (ScriptedImporter) -> (artifact id: 'dc3ea095f03e0f0b137de4d9e20f7a65') in 0.005052567 seconds
Number of updated asset objects reloaded before import = 0Number of asset objects unloaded after import = 1

========================================================================
Received Import Request.
  Time since last request: 0.000026 seconds.
  path: Assets/Art/Vehicles/Merchant/Animations
  artifactKey: Guid(7ee26c6588511a2c18797088e362f368) Importer(2089858483,192608db42251d675da83286b1cce702)
Start importing Assets/Art/Vehicles/Merchant/Animations using Guid(7ee26c6588511a2c18797088e362f368) Importer(2089858483,192608db42251d675da83286b1cce702) (ScriptedImporter) -> (artifact id: '7e79a1dba559971d0da55be2e839d939') in 0.00244931 seconds
Number of updated asset objects reloaded before import = 0Number of asset objects unloaded after import = 1

========================================================================
Received Import Request.
  Time since last request: 0.000025 seconds.
  path: Assets/Art/Characters
  artifactKey: Guid(0e2b063b6929543439245082e2d170f1) Importer(2089858483,192608db42251d675da83286b1cce702)
Start importing Assets/Art/Characters using Guid(0e2b063b6929543439245082e2d170f1) Importer(2089858483,192608db42251d675da83286b1cce702) (ScriptedImporter) -> (artifact id: '0dcb984b55548996ac69b26b8978bd83') in 0.002662267 seconds
Number of updated asset objects reloaded before import = 0Number of asset objects unloaded after import = 1

========================================================================
Received Import Request.
  Time since last request: 0.000017 seconds.
  path: Assets/Art/Enviroments/Plains/Seasonal
  artifactKey: Guid(f12cbd5e3cb5d85699183e063a023e9f) Importer(2089858483,192608db42251d675da83286b1cce702)
Start importing Assets/Art/Enviroments/Plains/Seasonal using Guid(f12cbd5e3cb5d85699183e063a023e9f) Importer(2089858483,192608db42251d675da83286b1cce702) (ScriptedImporter) -> (artifact id: 'b7f403bb102b74dc74790037deecd8bc') in 0.002900321 seconds
Number of updated asset objects reloaded before import = 0Number of asset objects unloaded after import = 1

========================================================================
Received Import Request.
  Time since last request: 0.000015 seconds.
  path: Assets/Art/Enviroments/Plains/Day/Parallax/20_Mid
  artifactKey: Guid(50091d0a2d5e14b02b924993bf7e63ce) Importer(2089858483,192608db42251d675da83286b1cce702)
Start importing Assets/Art/Enviroments/Plains/Day/Parallax/20_Mid using Guid(50091d0a2d5e14b02b924993bf7e63ce) Importer(2089858483,192608db42251d675da83286b1cce702) (ScriptedImporter) -> (artifact id: '61681a5d5c35daefe9d81400018a0198') in 0.002087344 seconds
Number of updated asset objects reloaded before import = 0Number of asset objects unloaded after import = 1

========================================================================
Received Import Request.
  Time since last request: 0.000018 seconds.
  path: Assets/Art/Vehicles/Merchant/Textures
  artifactKey: Guid(568907d9b7b595a04921aea12242c725) Importer(2089858483,192608db42251d675da83286b1cce702)
Start importing Assets/Art/Vehicles/Merchant/Textures using Guid(568907d9b7b595a04921aea12242c725) Importer(2089858483,192608db42251d675da83286b1cce702) (ScriptedImporter) -> (artifact id: 'e822690dfc61d3fee9eae45eb3a8eafe') in 0.002232686 seconds
Number of updated asset objects reloaded before import = 0Number of asset objects unloaded after import = 1

========================================================================
Received Import Request.
  Time since last request: 0.000022 seconds.
  path: Assets/Art/_Shared/_Palletes
  artifactKey: Guid(bbdff9a26b83e776580c2aecc9f245f9) Importer(2089858483,192608db42251d675da83286b1cce702)
Start importing Assets/Art/_Shared/_Palletes using Guid(bbdff9a26b83e776580c2aecc9f245f9) Importer(2089858483,192608db42251d675da83286b1cce702) (ScriptedImporter) -> (artifact id: '03c13dec7501f0325d3dd0bee244f54f') in 0.002542053 seconds
Number of updated asset objects reloaded before import = 0Number of asset objects unloaded after import = 1

========================================================================
Received Import Request.
  Time since last request: 0.000021 seconds.
  path: Assets/Art/_Shared/Sprites_Common
  artifactKey: Guid(bd8b3ea9130b1dcbc892d45eb2a16dad) Importer(2089858483,192608db42251d675da83286b1cce702)
Start importing Assets/Art/_Shared/Sprites_Common using Guid(bd8b3ea9130b1dcbc892d45eb2a16dad) Importer(2089858483,192608db42251d675da83286b1cce702) (ScriptedImporter) -> (artifact id: '7d15a043dcae81c33485f6d9bd268044') in 0.003152452 seconds
Number of updated asset objects reloaded before import = 0Number of asset objects unloaded after import = 1

========================================================================
Received Import Request.
  Time since last request: 0.000012 seconds.
  path: Assets/Art/UI/Fonts
  artifactKey: Guid(e07705bebe633337f961441f62222915) Importer(2089858483,192608db42251d675da83286b1cce702)
Start importing Assets/Art/UI/Fonts using Guid(e07705bebe633337f961441f62222915) Importer(2089858483,192608db42251d675da83286b1cce702) (ScriptedImporter) -> (artifact id: 'abd47a91c114a3b081a90ca17bc7353f') in 0.001970145 seconds
Number of updated asset objects reloaded before import = 0Number of asset objects unloaded after import = 1

========================================================================
Received Import Request.
  Time since last request: 0.000017 seconds.
  path: Assets/Art/Enviroments/Plains/NIght/Parallax/30_Near
  artifactKey: Guid(9b0b24d218e1c8aaf9186977cd81c5d2) Importer(2089858483,192608db42251d675da83286b1cce702)
Start importing Assets/Art/Enviroments/Plains/NIght/Parallax/30_Near using Guid(9b0b24d218e1c8aaf9186977cd81c5d2) Importer(2089858483,192608db42251d675da83286b1cce702) (ScriptedImporter) -> (artifact id: '50456ae88ec938f4ec1b6c1537597937') in 0.002072507 seconds
Number of updated asset objects reloaded before import = 0Number of asset objects unloaded after import = 1

========================================================================
Received Import Request.
  Time since last request: 0.000012 seconds.
  path: Assets/Art/Enviroments
  artifactKey: Guid(8f84cbd7d590c597385a60b8bfb3770c) Importer(2089858483,192608db42251d675da83286b1cce702)
Start importing Assets/Art/Enviroments using Guid(8f84cbd7d590c597385a60b8bfb3770c) Importer(2089858483,192608db42251d675da83286b1cce702) (ScriptedImporter) -> (artifact id: '37b5ac40026ad4caca05bfddb74b84de') in 0.002178555 seconds
Number of updated asset objects reloaded before import = 0Number of asset objects unloaded after import = 1

========================================================================
Received Import Request.
  Time since last request: 0.000018 seconds.
  path: Assets/Prefabs/UI
  artifactKey: Guid(f2677b1c2b3b77de49d0185ed2633fd8) Importer(2089858483,192608db42251d675da83286b1cce702)
Start importing Assets/Prefabs/UI using Guid(f2677b1c2b3b77de49d0185ed2633fd8) Importer(2089858483,192608db42251d675da83286b1cce702) (ScriptedImporter) -> (artifact id: '2c069a711908303967595dcbf1828d4b') in 0.002551971 seconds
Number of updated asset objects reloaded before import = 0Number of asset objects unloaded after import = 1

========================================================================
Received Import Request.
  Time since last request: 0.000015 seconds.
  path: Assets/Art/Enviroments/Plains/NIght/Parallax/20_Mid
  artifactKey: Guid(13b63882c416abf009cecef7808dd2c4) Importer(2089858483,192608db42251d675da83286b1cce702)
Start importing Assets/Art/Enviroments/Plains/NIght/Parallax/20_Mid using Guid(13b63882c416abf009cecef7808dd2c4) Importer(2089858483,192608db42251d675da83286b1cce702) (ScriptedImporter) -> (artifact id: '4aa0570456ebebb2e348e3476cbde0de') in 0.001978631 seconds
Number of updated asset objects reloaded before import = 0Number of asset objects unloaded after import = 1

========================================================================
Received Import Request.
  Time since last request: 0.000016 seconds.
  path: Assets/Art/Vehicles/Merchant/Materials
  artifactKey: Guid(9c7898178061a67919cf81eea62aadba) Importer(2089858483,192608db42251d675da83286b1cce702)
Start importing Assets/Art/Vehicles/Merchant/Materials using Guid(9c7898178061a67919cf81eea62aadba) Importer(2089858483,192608db42251d675da83286b1cce702) (ScriptedImporter) -> (artifact id: '733ff51f57cbd2aa97489550a4c3971f') in 0.002230571 seconds
Number of updated asset objects reloaded before import = 0Number of asset objects unloaded after import = 1

========================================================================
Received Import Request.
  Time since last request: 0.000020 seconds.
  path: Assets/Art/_SourceFiles
  artifactKey: Guid(0b3067897b0a304e7bbf0bfd769e2024) Importer(2089858483,192608db42251d675da83286b1cce702)
Start importing Assets/Art/_SourceFiles using Guid(0b3067897b0a304e7bbf0bfd769e2024) Importer(2089858483,192608db42251d675da83286b1cce702) (ScriptedImporter) -> (artifact id: 'b6d8102c71cdd9cb2e5fce35be8c8457') in 0.002414334 seconds
Number of updated asset objects reloaded before import = 0Number of asset objects unloaded after import = 1

========================================================================
Received Import Request.
  Time since last request: 0.000041 seconds.
  path: Assets/Art/Enviroments/Plains/NIght/Parallax
  artifactKey: Guid(f58e4cf7ae658a3a3a0ae3bb452c1f99) Importer(2089858483,192608db42251d675da83286b1cce702)
Start importing Assets/Art/Enviroments/Plains/NIght/Parallax using Guid(f58e4cf7ae658a3a3a0ae3bb452c1f99) Importer(2089858483,192608db42251d675da83286b1cce702) (ScriptedImporter) -> (artifact id: 'b244b6d55ad36bee930f5c7197189327') in 0.004613587 seconds
Number of updated asset objects reloaded before import = 0Number of asset objects unloaded after import = 1

========================================================================
Received Import Request.
  Time since last request: 0.000011 seconds.
  path: Assets/Art/Enviroments/Plains/NIght/Parallax/40_Foreground
  artifactKey: Guid(bb9e1a9dc71f5988182a435dc69a9bef) Importer(2089858483,192608db42251d675da83286b1cce702)
Start importing Assets/Art/Enviroments/Plains/NIght/Parallax/40_Foreground using Guid(bb9e1a9dc71f5988182a435dc69a9bef) Importer(2089858483,192608db42251d675da83286b1cce702) (ScriptedImporter) -> (artifact id: '9fde45225c16c962ce93df7c24e7f25b') in 0.0022085 seconds
Number of updated asset objects reloaded before import = 0Number of asset objects unloaded after import = 1

========================================================================
Received Import Request.
  Time since last request: 0.000015 seconds.
  path: Assets/Audio
  artifactKey: Guid(06b3509a735903ea3836287b82986c8c) Importer(2089858483,192608db42251d675da83286b1cce702)
Start importing Assets/Audio using Guid(06b3509a735903ea3836287b82986c8c) Importer(2089858483,192608db42251d675da83286b1cce702) (ScriptedImporter) -> (artifact id: '5b615f10d1963adb4ad8125260f58dfd') in 0.002257582 seconds
Number of updated asset objects reloaded before import = 0Number of asset objects unloaded after import = 1

========================================================================
Received Import Request.
  Time since last request: 0.000012 seconds.
  path: Assets/Art/UI/Sprites
  artifactKey: Guid(1d8ab303581a836e583b286bbb1559ab) Importer(2089858483,192608db42251d675da83286b1cce702)
Start importing Assets/Art/UI/Sprites using Guid(1d8ab303581a836e583b286bbb1559ab) Importer(2089858483,192608db42251d675da83286b1cce702) (ScriptedImporter) -> (artifact id: '56f28d5cf913ea10ba6c4b48dcabfb01') in 0.001991516 seconds
Number of updated asset objects reloaded before import = 0Number of asset objects unloaded after import = 1

========================================================================
Received Import Request.
  Time since last request: 0.000015 seconds.
  path: Assets/Art/UI/Prefabs
  artifactKey: Guid(04e8d19527bb54e36b9a33b11c6d1d56) Importer(2089858483,192608db42251d675da83286b1cce702)
Start importing Assets/Art/UI/Prefabs using Guid(04e8d19527bb54e36b9a33b11c6d1d56) Importer(2089858483,192608db42251d675da83286b1cce702) (ScriptedImporter) -> (artifact id: 'f7611dd08a4daa69bcca843070132727') in 0.002464298 seconds
Number of updated asset objects reloaded before import = 0Number of asset objects unloaded after import = 1

========================================================================
Received Import Request.
  Time since last request: 0.000015 seconds.
  path: Assets/Art/Enviroments/Plains/Day/Parallax
  artifactKey: Guid(91f7fca65dfe6657b915c193ebbd3c55) Importer(2089858483,192608db42251d675da83286b1cce702)
Start importing Assets/Art/Enviroments/Plains/Day/Parallax using Guid(91f7fca65dfe6657b915c193ebbd3c55) Importer(2089858483,192608db42251d675da83286b1cce702) (ScriptedImporter) -> (artifact id: '2b64c0062c7c9209a7036cb68df4a0ff') in 0.002140784 seconds
Number of updated asset objects reloaded before import = 0Number of asset objects unloaded after import = 1

========================================================================
Received Import Request.
  Time since last request: 0.000016 seconds.
  path: Assets/Art/VFX/Prefabs
  artifactKey: Guid(598a2cfc53fa0f09ab44253f7ba918e9) Importer(2089858483,192608db42251d675da83286b1cce702)
Start importing Assets/Art/VFX/Prefabs using Guid(598a2cfc53fa0f09ab44253f7ba918e9) Importer(2089858483,192608db42251d675da83286b1cce702) (ScriptedImporter) -> (artifact id: 'd28a502bf4673082af7c5596ef4f7f38') in 0.002609198 seconds
Number of updated asset objects reloaded before import = 0Number of asset objects unloaded after import = 1

========================================================================
Received Import Request.
  Time since last request: 0.000017 seconds.
  path: Assets/Art/Enviroments/Plains/NIght
  artifactKey: Guid(3cba4fbfa6447a8bf9003d2f0ab641e8) Importer(2089858483,192608db42251d675da83286b1cce702)
Start importing Assets/Art/Enviroments/Plains/NIght using Guid(3cba4fbfa6447a8bf9003d2f0ab641e8) Importer(2089858483,192608db42251d675da83286b1cce702) (ScriptedImporter) -> (artifact id: '97d2b1871684213f88619fe24be0f74d') in 0.002189925 seconds
Number of updated asset objects reloaded before import = 0Number of asset objects unloaded after import = 1

========================================================================
Received Import Request.
  Time since last request: 0.000013 seconds.
  path: Assets/Art/UI/Materials
  artifactKey: Guid(5a5ed52978c8fc141b685fbd35c8d55e) Importer(2089858483,192608db42251d675da83286b1cce702)
Start importing Assets/Art/UI/Materials using Guid(5a5ed52978c8fc141b685fbd35c8d55e) Importer(2089858483,192608db42251d675da83286b1cce702) (ScriptedImporter) -> (artifact id: 'a66fd1b066f1b68288fe0b28fba86660') in 0.002136947 seconds
Number of updated asset objects reloaded before import = 0Number of asset objects unloaded after import = 1

========================================================================
Received Import Request.
  Time since last request: 0.000015 seconds.
  path: Assets/Art/UI/Sprites/Icons/Resources
  artifactKey: Guid(140951886bfd3dd558d70d97417c1b70) Importer(2089858483,192608db42251d675da83286b1cce702)
Start importing Assets/Art/UI/Sprites/Icons/Resources using Guid(140951886bfd3dd558d70d97417c1b70) Importer(2089858483,192608db42251d675da83286b1cce702) (ScriptedImporter) -> (artifact id: 'fd7531806db076ffdedc50068e11150c') in 0.002078528 seconds
Number of updated asset objects reloaded before import = 0Number of asset objects unloaded after import = 1

========================================================================
Received Import Request.
  Time since last request: 0.000015 seconds.
  path: Assets/Art/Enviroments/Plains/Day/Parallax/40_Foreground
  artifactKey: Guid(9f2806953b1ab293798e30773ac06fd0) Importer(2089858483,192608db42251d675da83286b1cce702)
Start importing Assets/Art/Enviroments/Plains/Day/Parallax/40_Foreground using Guid(9f2806953b1ab293798e30773ac06fd0) Importer(2089858483,192608db42251d675da83286b1cce702) (ScriptedImporter) -> (artifact id: '7c68ef7a95ce40779926b312aea707cc') in 0.002000503 seconds
Number of updated asset objects reloaded before import = 0Number of asset objects unloaded after import = 1

========================================================================
Received Import Request.
  Time since last request: 0.000022 seconds.
  path: Assets/Art/UI/Sprites/Icons/Roles
  artifactKey: Guid(a93a19bcb51f3628caa2fa9877d19e8a) Importer(2089858483,192608db42251d675da83286b1cce702)
Start importing Assets/Art/UI/Sprites/Icons/Roles using Guid(a93a19bcb51f3628caa2fa9877d19e8a) Importer(2089858483,192608db42251d675da83286b1cce702) (ScriptedImporter) -> (artifact id: 'd40c3f99ad327007b6024d7475963e3b') in 0.001985054 seconds
Number of updated asset objects reloaded before import = 0Number of asset objects unloaded after import = 1

========================================================================
Received Import Request.
  Time since last request: 0.000031 seconds.
  path: Assets/Prefabs/Characters
  artifactKey: Guid(61429dfd354df10fe87c98dcff5a0bca) Importer(2089858483,192608db42251d675da83286b1cce702)
Start importing Assets/Prefabs/Characters using Guid(61429dfd354df10fe87c98dcff5a0bca) Importer(2089858483,192608db42251d675da83286b1cce702) (ScriptedImporter) -> (artifact id: 'f0ecab4423ae611e0d3a5a70756bfee2') in 0.001923508 seconds
Number of updated asset objects reloaded before import = 0Number of asset objects unloaded after import = 1

========================================================================
Received Import Request.
  Time since last request: 0.000016 seconds.
  path: Assets/Art/Enviroments/Plains/Day/Parallax/30_Near
  artifactKey: Guid(598a85d072b1dc08c99bec0fb6982515) Importer(2089858483,192608db42251d675da83286b1cce702)
Start importing Assets/Art/Enviroments/Plains/Day/Parallax/30_Near using Guid(598a85d072b1dc08c99bec0fb6982515) Importer(2089858483,192608db42251d675da83286b1cce702) (ScriptedImporter) -> (artifact id: 'c265b4c1883ed77db03459d6e2861230') in 0.002211255 seconds
Number of updated asset objects reloaded before import = 0Number of asset objects unloaded after import = 1

========================================================================
Received Import Request.
  Time since last request: 0.000017 seconds.
  path: Assets/Audio/Music
  artifactKey: Guid(47e937035341cc1bc9742b72d04022e7) Importer(2089858483,192608db42251d675da83286b1cce702)
Start importing Assets/Audio/Music using Guid(47e937035341cc1bc9742b72d04022e7) Importer(2089858483,192608db42251d675da83286b1cce702) (ScriptedImporter) -> (artifact id: 'eb015bc7b698731df597e704db282d5f') in 0.001918029 seconds
Number of updated asset objects reloaded before import = 0Number of asset objects unloaded after import = 1

========================================================================
Received Import Request.
  Time since last request: 0.000017 seconds.
  path: Assets/Art/_Shared/Fonts
  artifactKey: Guid(7d1453563ca465048b901be10774f949) Importer(2089858483,192608db42251d675da83286b1cce702)
Start importing Assets/Art/_Shared/Fonts using Guid(7d1453563ca465048b901be10774f949) Importer(2089858483,192608db42251d675da83286b1cce702) (ScriptedImporter) -> (artifact id: '8a75dfbc87ec9ae3f6d72858703ea6ee') in 0.002061316 seconds
Number of updated asset objects reloaded before import = 0Number of asset objects unloaded after import = 1

========================================================================
Received Import Request.
  Time since last request: 0.000017 seconds.
  path: Assets/Art/_Tests
  artifactKey: Guid(1e5819a705d8b3bf3af86d6778214360) Importer(2089858483,192608db42251d675da83286b1cce702)
Start importing Assets/Art/_Tests using Guid(1e5819a705d8b3bf3af86d6778214360) Importer(2089858483,192608db42251d675da83286b1cce702) (ScriptedImporter) -> (artifact id: '6a71158bed3a14f03819ce0ae74f8ce0') in 0.001991155 seconds
Number of updated asset objects reloaded before import = 0Number of asset objects unloaded after import = 1

========================================================================
Received Import Request.
  Time since last request: 0.000017 seconds.
  path: Assets/Art/UI/Sprites/Icons
  artifactKey: Guid(fa10da990d7383098b5cbde4b3eacc31) Importer(2089858483,192608db42251d675da83286b1cce702)
Start importing Assets/Art/UI/Sprites/Icons using Guid(fa10da990d7383098b5cbde4b3eacc31) Importer(2089858483,192608db42251d675da83286b1cce702) (ScriptedImporter) -> (artifact id: 'eb2d1060d91b7a3db9c666635aa4fd89') in 0.001969324 seconds
Number of updated asset objects reloaded before import = 0Number of asset objects unloaded after import = 1

========================================================================
Received Import Request.
  Time since last request: 0.000015 seconds.
  path: Assets/Art/VFX
  artifactKey: Guid(8ddbcbf54ac2052c6b2074469e6ac549) Importer(2089858483,192608db42251d675da83286b1cce702)
Start importing Assets/Art/VFX using Guid(8ddbcbf54ac2052c6b2074469e6ac549) Importer(2089858483,192608db42251d675da83286b1cce702) (ScriptedImporter) -> (artifact id: 'c6cf40851e2e31b823dd2ce621033c25') in 0.001980345 seconds
Number of updated asset objects reloaded before import = 0Number of asset objects unloaded after import = 1

========================================================================
Received Import Request.
  Time since last request: 0.000015 seconds.
  path: Assets/Art/_Shared/VFX_Common
  artifactKey: Guid(5b119b5b44cb54352872bcde1c04714b) Importer(2089858483,192608db42251d675da83286b1cce702)
Start importing Assets/Art/_Shared/VFX_Common using Guid(5b119b5b44cb54352872bcde1c04714b) Importer(2089858483,192608db42251d675da83286b1cce702) (ScriptedImporter) -> (artifact id: 'e537ff94ac49a5725c5275ff8a3170cf') in 0.002159188 seconds
Number of updated asset objects reloaded before import = 0Number of asset objects unloaded after import = 1

========================================================================
Received Import Request.
  Time since last request: 0.000026 seconds.
  path: Assets/Art/Enviroments/Plains/_SourceFiles
  artifactKey: Guid(f80c556b613fec185992b47b5fa41574) Importer(2089858483,192608db42251d675da83286b1cce702)
Start importing Assets/Art/Enviroments/Plains/_SourceFiles using Guid(f80c556b613fec185992b47b5fa41574) Importer(2089858483,192608db42251d675da83286b1cce702) (ScriptedImporter) -> (artifact id: 'c206dd3e690d58529331bbfc3f96ba01') in 0.002076565 seconds
Number of updated asset objects reloaded before import = 0Number of asset objects unloaded after import = 1

========================================================================
Received Import Request.
  Time since last request: 0.000019 seconds.
  path: Assets/Prefabs/Enviroment
  artifactKey: Guid(05b32f3cb45bf8c6a90dfa75912f3823) Importer(2089858483,192608db42251d675da83286b1cce702)
Start importing Assets/Prefabs/Enviroment using Guid(05b32f3cb45bf8c6a90dfa75912f3823) Importer(2089858483,192608db42251d675da83286b1cce702) (ScriptedImporter) -> (artifact id: '63c6c51a175f77a81bacee98cc5a7a99') in 0.002119604 seconds
Number of updated asset objects reloaded before import = 0Number of asset objects unloaded after import = 1

========================================================================
Received Import Request.
  Time since last request: 0.000014 seconds.
  path: Assets/Scenes/ArtTest
  artifactKey: Guid(6726ed1b7f4ca8d84873ad2e87d0e6be) Importer(2089858483,192608db42251d675da83286b1cce702)
Start importing Assets/Scenes/ArtTest using Guid(6726ed1b7f4ca8d84873ad2e87d0e6be) Importer(2089858483,192608db42251d675da83286b1cce702) (ScriptedImporter) -> (artifact id: '23357b3f011aaf87ec7ea2de3e8fb782') in 0.002240981 seconds
Number of updated asset objects reloaded before import = 0Number of asset objects unloaded after import = 1

