Unity Editor version:    6000.0.43f1 (97272b72f107)
Branch:                  6000.0/release
Build type:              Release
Batch mode:              YES
System name:             Linux
Distro version:          #1 SMP PREEMPT_DYNAMIC Thu Jul 24 18:20:56 UTC 2025
Kernel version:          6.15.8-200.nobara.fc42.x86_64
Architecture:            x86_64
Available memory:        15210 MB
Using pre-set license
Pro License: YES
The selected window backend is (null) 
Desktop is 1920 x 1080 @ 60 Hz
Initialize udev device monitor.

COMMAND LINE ARGUMENTS:
Unity
-adb2
-batchMode
-noUpm
-name
AssetImportWorker0
-projectPath
/home/holden/Documents/Project/Caravan/caravan
-logFile
Logs/AssetImportWorker0.log
-srvPort
43215
-job-worker-count
7
-background-job-worker-count
8
-gc-helper-count
1
Successfully changed project path to: /home/holden/Documents/Project/Caravan/caravan

(Unity:27448): Gtk-CRITICAL **: 20:25:10.086: gtk_label_set_text: assertion 'GTK_IS_LABEL (label)' failed

(Unity:27448): Gtk-CRITICAL **: 20:25:10.087: gtk_label_set_text: assertion 'GTK_IS_LABEL (label)' failed
/home/holden/Documents/Project/Caravan/caravan
[UnityMemory] Configuration Parameters - Can be set up in boot.config
    "memorysetup-bucket-allocator-granularity=16"
    "memorysetup-bucket-allocator-bucket-count=8"
    "memorysetup-bucket-allocator-block-size=33554432"
    "memorysetup-bucket-allocator-block-count=8"
    "memorysetup-main-allocator-block-size=16777216"
    "memorysetup-thread-allocator-block-size=16777216"
    "memorysetup-gfx-main-allocator-block-size=16777216"
    "memorysetup-gfx-thread-allocator-block-size=16777216"
    "memorysetup-cache-allocator-block-size=4194304"
    "memorysetup-typetree-allocator-block-size=2097152"
    "memorysetup-profiler-bucket-allocator-granularity=16"
    "memorysetup-profiler-bucket-allocator-bucket-count=8"
    "memorysetup-profiler-bucket-allocator-block-size=33554432"
    "memorysetup-profiler-bucket-allocator-block-count=8"
    "memorysetup-profiler-allocator-block-size=16777216"
    "memorysetup-profiler-editor-allocator-block-size=1048576"
    "memorysetup-temp-allocator-size-main=16777216"
    "memorysetup-job-temp-allocator-block-size=2097152"
    "memorysetup-job-temp-allocator-block-size-background=1048576"
    "memorysetup-job-temp-allocator-reduction-small-platforms=262144"
    "memorysetup-allocator-temp-initial-block-size-main=262144"
    "memorysetup-allocator-temp-initial-block-size-worker=262144"
    "memorysetup-temp-allocator-size-background-worker=32768"
    "memorysetup-temp-allocator-size-job-worker=262144"
    "memorysetup-temp-allocator-size-preload-manager=33554432"
    "memorysetup-temp-allocator-size-nav-mesh-worker=65536"
    "memorysetup-temp-allocator-size-audio-worker=65536"
    "memorysetup-temp-allocator-size-cloud-worker=32768"
    "memorysetup-temp-allocator-size-gi-baking-worker=262144"
    "memorysetup-temp-allocator-size-gi-baking-worker=262144"
    "memorysetup-temp-allocator-size-gi-baking-worker=262144"
    "memorysetup-temp-allocator-size-gi-baking-worker=262144"
    "memorysetup-temp-allocator-size-gi-baking-worker=262144"
    "memorysetup-temp-allocator-size-gfx=262144"
Player connection [140082388915264]  Target information:

Player connection [140082388915264]  * "[IP] 10.0.0.134 [Port] 0 [Flags] 2 [Guid] 1782606297 [EditorId] 1782606297 [Version] 1048832 [Id] LinuxEditor(16,10.0.0.134) [Debug] 1 [PackageName] LinuxEditor [ProjectName] Editor" 

Player connection [140082388915264] Host joined multi-casting on [225.0.0.222:54997]...
Player connection [140082388915264] Host joined alternative multi-casting on [225.0.0.222:34997]...
JobSystem: Creating JobQueue using job-worker-count value 7
Input System module state changed to: Initialized.
[Physics::Module] Initialized fallback backend.
[Physics::Module] Id: 0xdecafbad
Library Redirect Path: Library/
[Physics::Module] Selected backend.
[Physics::Module] Name: PhysX
[Physics::Module] Id: 0xf2b8ea05
[Physics::Module] SDK Version: 4.1.2
[Physics::Module] Integration Version: 1.0.0
[Physics::Module] Threading Mode: Multi-Threaded
Refreshing native plugins compatible for Editor in 3.72 ms, found 1 plugins.
Preloading 0 native plugins for Editor in 0.00 ms.
Initialize engine version: 6000.0.43f1 (97272b72f107)
[Subsystems] Discovering subsystems at path /home/holden/Unity/Hub/Editor/6000.0.43f1/Editor/Data/Resources/UnitySubsystems
[Subsystems] Discovering subsystems at path /home/holden/Documents/Project/Caravan/caravan/Assets
kGfxThreadingModeNonThreaded is not supported on OpenGL Core. Reverting to kGfxThreadingModeDirect instead.
GfxDevice: creating device client; kGfxThreadingModeDirect
GLX Extensions: GLX_ARB_context_flush_control GLX_ARB_create_context GLX_ARB_create_context_no_error GLX_ARB_create_context_profile GLX_ARB_create_context_robustness GLX_ARB_fbconfig_float GLX_ARB_framebuffer_sRGB GLX_ARB_get_proc_address GLX_ARB_multisample GLX_EXT_buffer_age GLX_EXT_create_context_es2_profile GLX_EXT_create_context_es_profile GLX_EXT_fbconfig_packed_float GLX_EXT_framebuffer_sRGB GLX_EXT_no_config_context GLX_EXT_swap_control GLX_EXT_swap_control_tear GLX_EXT_texture_from_pixmap GLX_EXT_visual_info GLX_EXT_visual_rating GLX_MESA_copy_sub_buffer GLX_MESA_gl_interop GLX_MESA_query_renderer GLX_MESA_swap_control GLX_OML_sync_control GLX_SGIS_multisample GLX_SGIX_fbconfig GLX_SGIX_pbuffer GLX_SGIX_visual_select_group GLX_SGI_make_current_read GLX_SGI_video_sync 
Renderer: AMD Radeon 680M (radeonsi, rembrandt, LLVM 19.1.7, DRM 3.63, 6.15.8-200.nobara.fc42.x86_64)
Vendor:   AMD
Version:  4.6 (Core Profile) Mesa 25.1.7 (git-581a4f7e70)
GLES:     0
 GL_AMD_conservative_depth GL_AMD_depth_clamp_separate GL_AMD_draw_buffers_blend GL_AMD_framebuffer_multisample_advanced GL_AMD_gpu_shader_int64 GL_AMD_multi_draw_indirect GL_AMD_performance_monitor GL_AMD_pinned_memory GL_AMD_query_buffer_object GL_AMD_seamless_cubemap_per_texture GL_AMD_shader_stencil_export GL_AMD_shader_trinary_minmax GL_AMD_texture_texture4 GL_AMD_vertex_shader_layer GL_AMD_vertex_shader_viewport_index GL_ANGLE_texture_compression_dxt3 GL_ANGLE_texture_compression_dxt5 GL_ARB_ES2_compatibility GL_ARB_ES3_1_compatibility GL_ARB_ES3_2_compatibility GL_ARB_ES3_compatibility GL_ARB_arrays_of_arrays GL_ARB_base_instance GL_ARB_bindless_texture GL_ARB_blend_func_extended GL_ARB_buffer_storage GL_ARB_clear_buffer_object GL_ARB_clear_texture GL_ARB_clip_control GL_ARB_color_buffer_float GL_ARB_compressed_texture_pixel_storage GL_ARB_compute_shader GL_ARB_compute_variable_group_size GL_ARB_conditional_render_inverted GL_ARB_conservative_depth GL_ARB_copy_buffer GL_ARB_copy_image GL_ARB_cull_dist
ance GL_ARB_debug_output GL_ARB_depth_buffer_float GL_ARB_depth_clamp GL_ARB_derivative_control GL_ARB_direct_state_access GL_ARB_draw_buffers GL_ARB_draw_buffers_blend GL_ARB_draw_elements_base_vertex GL_ARB_draw_indirect GL_ARB_draw_instanced GL_ARB_enhanced_layouts GL_ARB_explicit_attrib_location GL_ARB_explicit_uniform_location GL_ARB_fragment_coord_conventions GL_ARB_fragment_layer_viewport GL_ARB_fragment_shader GL_ARB_framebuffer_no_attachments GL_ARB_framebuffer_object GL_ARB_framebuffer_sRGB GL_ARB_get_program_binary GL_ARB_get_texture_sub_image GL_ARB_gl_spirv GL_ARB_gpu_shader5 GL_ARB_gpu_shader_fp64 GL_ARB_gpu_shader_int64 GL_ARB_half_float_pixel GL_ARB_half_float_vertex GL_ARB_indirect_parameters GL_ARB_instanced_arrays GL_ARB_internalformat_query GL_ARB_internalformat_query2 GL_ARB_invalidate_subdata GL_ARB_map_buffer_alignment GL_ARB_map_buffer_range GL_ARB_multi_bind GL_ARB_multi_draw_indirect GL_ARB_occlusion_query2 GL_ARB_parallel_shader_compile GL_ARB_pipeline_statistics_query GL_ARB_pixel
_buffer_object GL_ARB_point_sprite GL_ARB_polygon_offset_clamp GL_ARB_post_depth_coverage GL_ARB_program_interface_query GL_ARB_provoking_vertex GL_ARB_query_buffer_object GL_ARB_robust_buffer_access_behavior GL_ARB_robustness GL_ARB_sample_shading GL_ARB_sampler_objects GL_ARB_seamless_cube_map GL_ARB_seamless_cubemap_per_texture GL_ARB_separate_shader_objects GL_ARB_shader_atomic_counter_ops GL_ARB_shader_atomic_counters GL_ARB_shader_ballot GL_ARB_shader_bit_encoding GL_ARB_shader_clock GL_ARB_shader_draw_parameters GL_ARB_shader_group_vote GL_ARB_shader_image_load_store GL_ARB_shader_image_size GL_ARB_shader_objects GL_ARB_shader_precision GL_ARB_shader_stencil_export GL_ARB_shader_storage_buffer_object GL_ARB_shader_subroutine GL_ARB_shader_texture_image_samples GL_ARB_shader_texture_lod GL_ARB_shader_viewport_layer_array GL_ARB_shading_language_420pack GL_ARB_shading_language_include GL_ARB_shading_language_packing GL_ARB_sparse_buffer GL_ARB_sparse_texture GL_ARB_sparse_texture2 GL_ARB_sparse_texture_
clamp GL_ARB_spirv_extensions GL_ARB_stencil_texturing GL_ARB_sync GL_ARB_tessellation_shader GL_ARB_texture_barrier GL_ARB_texture_border_clamp GL_ARB_texture_buffer_object GL_ARB_texture_buffer_object_rgb32 GL_ARB_texture_buffer_range GL_ARB_texture_compression_bptc GL_ARB_texture_compression_rgtc GL_ARB_texture_cube_map_array GL_ARB_texture_filter_anisotropic GL_ARB_texture_filter_minmax GL_ARB_texture_float GL_ARB_texture_gather GL_ARB_texture_mirror_clamp_to_edge GL_ARB_texture_multisample GL_ARB_texture_non_power_of_two GL_ARB_texture_query_levels GL_ARB_texture_query_lod GL_ARB_texture_rectangle GL_ARB_texture_rg GL_ARB_texture_rgb10_a2ui GL_ARB_texture_stencil8 GL_ARB_texture_storage GL_ARB_texture_storage_multisample GL_ARB_texture_swizzle GL_ARB_texture_view GL_ARB_timer_query GL_ARB_transform_feedback2 GL_ARB_transform_feedback3 GL_ARB_transform_feedback_instanced GL_ARB_transform_feedback_overflow_query GL_ARB_uniform_buffer_object GL_ARB_vertex_array_bgra GL_ARB_vertex_array_object GL_ARB_vertex
_attrib_64bit GL_ARB_vertex_attrib_binding GL_ARB_vertex_buffer_object GL_ARB_vertex_shader GL_ARB_vertex_type_10f_11f_11f_rev GL_ARB_vertex_type_2_10_10_10_rev GL_ARB_viewport_array GL_ATI_blend_equation_separate GL_ATI_meminfo GL_ATI_texture_float GL_ATI_texture_mirror_once GL_EXT_EGL_image_storage GL_EXT_EGL_image_storage_compression GL_EXT_EGL_sync GL_EXT_abgr GL_EXT_blend_equation_separate GL_EXT_debug_label GL_EXT_demote_to_helper_invocation GL_EXT_depth_bounds_test GL_EXT_draw_buffers2 GL_EXT_draw_instanced GL_EXT_framebuffer_blit GL_EXT_framebuffer_multisample GL_EXT_framebuffer_multisample_blit_scaled GL_EXT_framebuffer_object GL_EXT_framebuffer_sRGB GL_EXT_memory_object GL_EXT_memory_object_fd GL_EXT_packed_depth_stencil GL_EXT_packed_float GL_EXT_pixel_buffer_object GL_EXT_polygon_offset_clamp GL_EXT_provoking_vertex GL_EXT_semaphore GL_EXT_semaphore_fd GL_EXT_shader_image_load_formatted GL_EXT_shader_image_load_store GL_EXT_shader_integer_mix GL_EXT_shader_samples_identical GL_EXT_texture_array G
L_EXT_texture_compression_dxt1 GL_EXT_texture_compression_rgtc GL_EXT_texture_compression_s3tc GL_EXT_texture_filter_anisotropic GL_EXT_texture_filter_minmax GL_EXT_texture_integer GL_EXT_texture_mirror_clamp GL_EXT_texture_sRGB GL_EXT_texture_sRGB_R8 GL_EXT_texture_sRGB_RG8 GL_EXT_texture_sRGB_decode GL_EXT_texture_shadow_lod GL_EXT_texture_shared_exponent GL_EXT_texture_snorm GL_EXT_texture_storage GL_EXT_texture_swizzle GL_EXT_timer_query GL_EXT_transform_feedback GL_EXT_vertex_array_bgra GL_EXT_vertex_attrib_64bit GL_EXT_window_rectangles GL_IBM_multimode_draw_arrays GL_INTEL_blackhole_render GL_KHR_blend_equation_advanced GL_KHR_context_flush_control GL_KHR_debug GL_KHR_no_error GL_KHR_parallel_shader_compile GL_KHR_robust_buffer_access_behavior GL_KHR_robustness GL_KHR_shader_subgroup GL_KHR_texture_compression_astc_ldr GL_KHR_texture_compression_astc_sliced_3d GL_MESA_framebuffer_flip_y GL_MESA_pack_invert GL_MESA_shader_integer_functions GL_MESA_texture_const_bandwidth GL_MESA_texture_signed_rgba GL_
NVX_gpu_memory_info GL_NV_alpha_to_coverage_dither_control GL_NV_compute_shader_derivatives GL_NV_conditional_render GL_NV_copy_image GL_NV_depth_clamp GL_NV_packed_depth_stencil GL_NV_shader_atomic_int64 GL_NV_texture_barrier GL_NV_vdpau_interop GL_OES_EGL_image GL_S3_s3tc
OPENGL LOG: Creating OpenGL 4.6 graphics device ; Context level  <OpenGL 4.5> ; Context handle -1572708400
Shader Hidden/ProbeVolume/VoxelizeScene is not supported: GPU does not support conservative rasterization
Initialize mono
Mono path[0] = '/home/holden/Unity/Hub/Editor/6000.0.43f1/Editor/Data/Managed'
Mono path[1] = '/home/holden/Unity/Hub/Editor/6000.0.43f1/Editor/Data/MonoBleedingEdge/lib/mono/unityjit-linux'
Mono config path = '/home/holden/Unity/Hub/Editor/6000.0.43f1/Editor/Data/MonoBleedingEdge/etc'
Using monoOptions --debugger-agent=transport=dt_socket,embedding=1,server=y,suspend=n,address=127.0.0.1:56448
Begin MonoManager ReloadAssembly
Registering precompiled unity dll's ...
Register platform support module: /home/holden/Unity/Hub/Editor/6000.0.43f1/Editor/Data/PlaybackEngines/LinuxStandaloneSupport/UnityEditor.LinuxStandalone.Extensions.dll
Registered in 0.002356 seconds.
- Loaded All Assemblies, in  0.369 seconds
Native extension for LinuxStandalone target not found
Mono: successfully reloaded assembly
- Finished resetting the current domain, in  0.422 seconds
Domain Reload Profiling: 790ms
	BeginReloadAssembly (99ms)
		ExecutionOrderSort (0ms)
		DisableScriptedObjects (0ms)
		BackupInstance (0ms)
		ReleaseScriptingObjects (0ms)
		CreateAndSetChildDomain (1ms)
	RebuildCommonClasses (42ms)
	RebuildNativeTypeToScriptingClass (8ms)
	initialDomainReloadingComplete (53ms)
	LoadAllAssembliesAndSetupDomain (166ms)
		LoadAssemblies (98ms)
		RebuildTransferFunctionScriptingTraits (0ms)
		AnalyzeDomain (163ms)
			TypeCache.Refresh (160ms)
				TypeCache.ScanAssembly (145ms)
			BuildScriptInfoCaches (0ms)
			ResolveRequiredComponents (0ms)
	FinalizeReload (422ms)
		ReleaseScriptCaches (0ms)
		RebuildScriptCaches (0ms)
		SetupLoadedEditorAssemblies (363ms)
			LogAssemblyErrors (0ms)
			InitializePlatformSupportModulesInManaged (74ms)
			SetLoadedEditorAssemblies (8ms)
			BeforeProcessingInitializeOnLoad (68ms)
			ProcessInitializeOnLoadAttributes (153ms)
			ProcessInitializeOnLoadMethodAttributes (60ms)
			AfterProcessingInitializeOnLoad (0ms)
			EditorAssembliesLoaded (0ms)
		ExecutionOrderSort2 (0ms)
		AwakeInstancesAfterBackupRestoration (0ms)
========================================================================
Worker process is ready to serve import requests
Import Worker Mode flag is 0x00
Begin MonoManager ReloadAssembly
- Loaded All Assemblies, in  0.903 seconds
Refreshing native plugins compatible for Editor in 0.56 ms, found 1 plugins.
Native extension for LinuxStandalone target not found
Mono: successfully reloaded assembly
- Finished resetting the current domain, in  0.851 seconds
Domain Reload Profiling: 1751ms
	BeginReloadAssembly (164ms)
		ExecutionOrderSort (0ms)
		DisableScriptedObjects (6ms)
		BackupInstance (0ms)
		ReleaseScriptingObjects (0ms)
		CreateAndSetChildDomain (44ms)
	RebuildCommonClasses (38ms)
	RebuildNativeTypeToScriptingClass (8ms)
	initialDomainReloadingComplete (42ms)
	LoadAllAssembliesAndSetupDomain (648ms)
		LoadAssemblies (462ms)
		RebuildTransferFunctionScriptingTraits (0ms)
		AnalyzeDomain (268ms)
			TypeCache.Refresh (201ms)
				TypeCache.ScanAssembly (183ms)
			BuildScriptInfoCaches (55ms)
			ResolveRequiredComponents (10ms)
	FinalizeReload (851ms)
		ReleaseScriptCaches (0ms)
		RebuildScriptCaches (0ms)
		SetupLoadedEditorAssemblies (681ms)
			LogAssemblyErrors (0ms)
			InitializePlatformSupportModulesInManaged (43ms)
			SetLoadedEditorAssemblies (8ms)
			BeforeProcessingInitializeOnLoad (116ms)
			ProcessInitializeOnLoadAttributes (361ms)
			ProcessInitializeOnLoadMethodAttributes (149ms)
			AfterProcessingInitializeOnLoad (4ms)
			EditorAssembliesLoaded (0ms)
		ExecutionOrderSort2 (0ms)
		AwakeInstancesAfterBackupRestoration (4ms)
Shader Hidden/ProbeVolume/VoxelizeScene is not supported: GPU does not support conservative rasterization
AutoLocale: current locale expects 'C' but got 'en_US.utf8'Launched and connected shader compiler UnityShaderCompiler after 0.04 seconds
Refreshing native plugins compatible for Editor in 0.91 ms, found 1 plugins.
Preloading 0 native plugins for Editor in 0.00 ms.
Unloading 206 Unused Serialized files (Serialized files now loaded: 0)
Unloading 6552 unused Assets / (5.3 MB). Loaded Objects now: 7250.
Memory consumption went from 168.1 MB to 162.9 MB.
Total: 19.646555 ms (FindLiveObjects: 1.015314 ms CreateObjectMapping: 1.627437 ms MarkObjects: 12.056484 ms  DeleteObjects: 4.944856 ms)

========================================================================
Received Import Request.
  Time since last request: 21536.623709 seconds.
  path: Assets/UniversalRenderPipelineGlobalSettings.asset
  artifactKey: Guid(93b439a37f63240aca3dd4e01d978a9f) Importer(815301076,1909f56bfc062723c751e8b465ee728b)
Start importing Assets/UniversalRenderPipelineGlobalSettings.asset using Guid(93b439a37f63240aca3dd4e01d978a9f) Importer(815301076,1909f56bfc062723c751e8b465ee728b) (PreviewImporter) -> (artifact id: '00c025d2039ced57596f58dea75cb28a') in 0.034489337 seconds
Number of updated asset objects reloaded before import = 0Number of asset objects unloaded after import = 0

========================================================================
Received Import Request.
  Time since last request: 0.000022 seconds.
  path: Assets/DefaultVolumeProfile.asset
  artifactKey: Guid(3f9215ea0144899419cfbc0957140d3f) Importer(815301076,1909f56bfc062723c751e8b465ee728b)
Start importing Assets/DefaultVolumeProfile.asset using Guid(3f9215ea0144899419cfbc0957140d3f) Importer(815301076,1909f56bfc062723c751e8b465ee728b) (PreviewImporter) -> (artifact id: '1e3ee85287093c2e01e2184a29fd3edf') in 0.001004094 seconds
Number of updated asset objects reloaded before import = 0Number of asset objects unloaded after import = 0

========================================================================
Received Import Request.
  Time since last request: 6.699980 seconds.
  path: Assets/Scenes
  artifactKey: Guid(109e9bdd0fcc649c5bc59085c35bdc83) Importer(815301076,1909f56bfc062723c751e8b465ee728b)
Start importing Assets/Scenes using Guid(109e9bdd0fcc649c5bc59085c35bdc83) Importer(815301076,1909f56bfc062723c751e8b465ee728b) (PreviewImporter) -> (artifact id: 'afdff4c3a2fdaa6f8b2ca806ac4aa93d') in 0.000620798 seconds
Number of updated asset objects reloaded before import = 0Number of asset objects unloaded after import = 0

========================================================================
Received Import Request.
  Time since last request: 1.580788 seconds.
  path: Assets/Scenes/SampleScene.unity
  artifactKey: Guid(8c9cfa26abfee488c85f1582747f6a02) Importer(815301076,1909f56bfc062723c751e8b465ee728b)
Start importing Assets/Scenes/SampleScene.unity using Guid(8c9cfa26abfee488c85f1582747f6a02) Importer(815301076,1909f56bfc062723c751e8b465ee728b) (PreviewImporter) -> (artifact id: '4356a4e0efafe2da4e825d4a5b22b180') in 0.000824158 seconds
Number of updated asset objects reloaded before import = 0Number of asset objects unloaded after import = 0

========================================================================
Received Import Request.
  Time since last request: 23.402770 seconds.
  path: Assets/CaravanMovement.cs
  artifactKey: Guid(a06d02113272246cb9fff44d46109599) Importer(2089858483,192608db42251d675da83286b1cce702)
Start importing Assets/CaravanMovement.cs using Guid(a06d02113272246cb9fff44d46109599) Importer(2089858483,192608db42251d675da83286b1cce702) (ScriptedImporter) -> (artifact id: 'a476b772846251c80d9fef1cd42ce1d6') in 0.212924296 seconds
Number of updated asset objects reloaded before import = 0Number of asset objects unloaded after import = 0

========================================================================
Received Import Request.
  Time since last request: 0.000016 seconds.
  path: Assets/Scenes/SampleScene.unity
  artifactKey: Guid(8c9cfa26abfee488c85f1582747f6a02) Importer(2089858483,192608db42251d675da83286b1cce702)
Start importing Assets/Scenes/SampleScene.unity using Guid(8c9cfa26abfee488c85f1582747f6a02) Importer(2089858483,192608db42251d675da83286b1cce702) (ScriptedImporter) -> (artifact id: '1587275ce9c7375025f00062517af500') in 0.004021312 seconds
Number of updated asset objects reloaded before import = 0Number of asset objects unloaded after import = 1

========================================================================
Received Import Request.
  Time since last request: 0.000024 seconds.
  path: Assets/Settings/Scenes/URP2DSceneTemplate.unity
  artifactKey: Guid(2cda990e2423bbf4892e6590ba056729) Importer(2089858483,192608db42251d675da83286b1cce702)
Start importing Assets/Settings/Scenes/URP2DSceneTemplate.unity using Guid(2cda990e2423bbf4892e6590ba056729) Importer(2089858483,192608db42251d675da83286b1cce702) (ScriptedImporter) -> (artifact id: 'de874ed022478794d3a7df2e1cda59ff') in 0.004635088 seconds
Number of updated asset objects reloaded before import = 0Number of asset objects unloaded after import = 1

========================================================================
Received Import Request.
  Time since last request: 0.000015 seconds.
  path: Assets/UniversalRenderPipelineGlobalSettings.asset
  artifactKey: Guid(93b439a37f63240aca3dd4e01d978a9f) Importer(2089858483,192608db42251d675da83286b1cce702)
Start importing Assets/UniversalRenderPipelineGlobalSettings.asset using Guid(93b439a37f63240aca3dd4e01d978a9f) Importer(2089858483,192608db42251d675da83286b1cce702) (ScriptedImporter) -> (artifact id: 'd83b91c2d8b50b243ecc922c9322fed1') in 0.081628846 seconds
Number of updated asset objects reloaded before import = 0Number of asset objects unloaded after import = 0

========================================================================
Received Import Request.
  Time since last request: 0.000020 seconds.
  path: Assets/ResourceManager.cs
  artifactKey: Guid(49226efdd821a43c69391475fc284c05) Importer(2089858483,192608db42251d675da83286b1cce702)
Start importing Assets/ResourceManager.cs using Guid(49226efdd821a43c69391475fc284c05) Importer(2089858483,192608db42251d675da83286b1cce702) (ScriptedImporter) -> (artifact id: '8ffbd0af7746d92f1dd6430ae2a64495') in 0.002992133 seconds
Number of updated asset objects reloaded before import = 0Number of asset objects unloaded after import = 0

========================================================================
Received Import Request.
  Time since last request: 0.000013 seconds.
  path: Assets/InputSystem_Actions.inputactions
  artifactKey: Guid(2bcd2660ca9b64942af0de543d8d7100) Importer(2089858483,192608db42251d675da83286b1cce702)
Start importing Assets/InputSystem_Actions.inputactions using Guid(2bcd2660ca9b64942af0de543d8d7100) Importer(2089858483,192608db42251d675da83286b1cce702) (ScriptedImporter)UpdateMenuTitleForLanguage: 10
 -> (artifact id: '813c220b4c8fc70bd67e791ed79e5754') in 0.157311338 seconds
Number of updated asset objects reloaded before import = 0Number of asset objects unloaded after import = 21

========================================================================
Received Import Request.
  Time since last request: 427.934748 seconds.
  path: Assets/Art/Enviroments/Plains/Day/Parallax/00_Sky
  artifactKey: Guid(8c3e9884c17586f83a71c5458d6067c9) Importer(2089858483,192608db42251d675da83286b1cce702)
Start importing Assets/Art/Enviroments/Plains/Day/Parallax/00_Sky using Guid(8c3e9884c17586f83a71c5458d6067c9) Importer(2089858483,192608db42251d675da83286b1cce702) (ScriptedImporter) -> (artifact id: '48661c4a2c99bec38547ab6546128681') in 0.003716414 seconds
Number of updated asset objects reloaded before import = 0Number of asset objects unloaded after import = 1

========================================================================
Received Import Request.
  Time since last request: 0.000018 seconds.
  path: Assets/Art/UI
  artifactKey: Guid(e201e08fb4adca5f09a661d12975dbfb) Importer(2089858483,192608db42251d675da83286b1cce702)
Start importing Assets/Art/UI using Guid(e201e08fb4adca5f09a661d12975dbfb) Importer(2089858483,192608db42251d675da83286b1cce702) (ScriptedImporter) -> (artifact id: 'e4f7bc067d4d9dcb85eca38ab11ba6cb') in 0.001973582 seconds
Number of updated asset objects reloaded before import = 0Number of asset objects unloaded after import = 1

========================================================================
Received Import Request.
  Time since last request: 0.000017 seconds.
  path: Assets/Prefabs
  artifactKey: Guid(b6578984268cb226f952516cc7b766a3) Importer(2089858483,192608db42251d675da83286b1cce702)
Start importing Assets/Prefabs using Guid(b6578984268cb226f952516cc7b766a3) Importer(2089858483,192608db42251d675da83286b1cce702) (ScriptedImporter) -> (artifact id: 'cafdbde6df3dc73eec7a08f6bba87fa0') in 0.002425976 seconds
Number of updated asset objects reloaded before import = 0Number of asset objects unloaded after import = 1

========================================================================
Received Import Request.
  Time since last request: 0.000016 seconds.
  path: Assets/Audio/_SourceFiles
  artifactKey: Guid(a1160fb4be596f3399f272828ac3ba57) Importer(2089858483,192608db42251d675da83286b1cce702)
Start importing Assets/Audio/_SourceFiles using Guid(a1160fb4be596f3399f272828ac3ba57) Importer(2089858483,192608db42251d675da83286b1cce702) (ScriptedImporter) -> (artifact id: '0990332855ba3d8d2350ed4ebfb2169c') in 0.002182262 seconds
Number of updated asset objects reloaded before import = 0Number of asset objects unloaded after import = 1

========================================================================
Received Import Request.
  Time since last request: 0.000022 seconds.
  path: Assets/Art/Vehicles/Merchant/Prefabs
  artifactKey: Guid(443a7b8945d25bd04bf18ade28b2f742) Importer(2089858483,192608db42251d675da83286b1cce702)
Start importing Assets/Art/Vehicles/Merchant/Prefabs using Guid(443a7b8945d25bd04bf18ade28b2f742) Importer(2089858483,192608db42251d675da83286b1cce702) (ScriptedImporter) -> (artifact id: '7f050212fcc3c780633d2b72cbb2dda3') in 0.002112672 seconds
Number of updated asset objects reloaded before import = 0Number of asset objects unloaded after import = 1

========================================================================
Received Import Request.
  Time since last request: 0.000028 seconds.
  path: Assets/Art/Characters/Merchant/Materials
  artifactKey: Guid(5ff497dbe69d3ece786da0fce75856c7) Importer(2089858483,192608db42251d675da83286b1cce702)
Start importing Assets/Art/Characters/Merchant/Materials using Guid(5ff497dbe69d3ece786da0fce75856c7) Importer(2089858483,192608db42251d675da83286b1cce702) (ScriptedImporter) -> (artifact id: 'f4b30800ef65a5edb410512ddbe09508') in 0.002232516 seconds
Number of updated asset objects reloaded before import = 0Number of asset objects unloaded after import = 1

========================================================================
Received Import Request.
  Time since last request: 0.000022 seconds.
  path: Assets/Art/Enviroments/Plains/NIght/Parallax/10_Far
  artifactKey: Guid(6b2a3a5159ec11fd196384c1c375f11d) Importer(2089858483,192608db42251d675da83286b1cce702)
Start importing Assets/Art/Enviroments/Plains/NIght/Parallax/10_Far using Guid(6b2a3a5159ec11fd196384c1c375f11d) Importer(2089858483,192608db42251d675da83286b1cce702) (ScriptedImporter) -> (artifact id: '24f97409a4b21fa96a918a1004bb3dac') in 0.002172924 seconds
Number of updated asset objects reloaded before import = 0Number of asset objects unloaded after import = 1

========================================================================
Received Import Request.
  Time since last request: 0.000015 seconds.
  path: Assets/Art/Characters/Merchant/_SourceFiles
  artifactKey: Guid(d2b5989aa182c3bd1890e7ef2ddffab1) Importer(2089858483,192608db42251d675da83286b1cce702)
Start importing Assets/Art/Characters/Merchant/_SourceFiles using Guid(d2b5989aa182c3bd1890e7ef2ddffab1) Importer(2089858483,192608db42251d675da83286b1cce702) (ScriptedImporter) -> (artifact id: '2d61d30837d1b298bcc1bc0fb5b02aa4') in 0.002602796 seconds
Number of updated asset objects reloaded before import = 0Number of asset objects unloaded after import = 1

========================================================================
Received Import Request.
  Time since last request: 0.000025 seconds.
  path: Assets/Art/_Shared/Shaders
  artifactKey: Guid(087b62bdab823dcdf86638d78bfea0ae) Importer(2089858483,192608db42251d675da83286b1cce702)
Start importing Assets/Art/_Shared/Shaders using Guid(087b62bdab823dcdf86638d78bfea0ae) Importer(2089858483,192608db42251d675da83286b1cce702) (ScriptedImporter) -> (artifact id: 'ba7ecb2c3f41cbdba91811b430d92ebc') in 0.002540771 seconds
Number of updated asset objects reloaded before import = 0Number of asset objects unloaded after import = 1

========================================================================
Received Import Request.
  Time since last request: 0.000016 seconds.
  path: Assets/Art/Characters/Merchant/Prefabs
  artifactKey: Guid(001de641462f5878a9a3a25ee4b91890) Importer(2089858483,192608db42251d675da83286b1cce702)
Start importing Assets/Art/Characters/Merchant/Prefabs using Guid(001de641462f5878a9a3a25ee4b91890) Importer(2089858483,192608db42251d675da83286b1cce702) (ScriptedImporter) -> (artifact id: '4532dbc248312c433c2e5bd9a7a646c4') in 0.00267442 seconds
Number of updated asset objects reloaded before import = 0Number of asset objects unloaded after import = 1

========================================================================
Received Import Request.
  Time since last request: 0.000013 seconds.
  path: Assets/Art/_Shared
  artifactKey: Guid(138e1b403f11d36cfabf78d92bbd238f) Importer(2089858483,192608db42251d675da83286b1cce702)
Start importing Assets/Art/_Shared using Guid(138e1b403f11d36cfabf78d92bbd238f) Importer(2089858483,192608db42251d675da83286b1cce702) (ScriptedImporter) -> (artifact id: 'd4ceddb3c0a2ee53d056ebd2cd4d0402') in 0.002195236 seconds
Number of updated asset objects reloaded before import = 0Number of asset objects unloaded after import = 1

========================================================================
Received Import Request.
  Time since last request: 0.000018 seconds.
  path: Assets/Art/Vehicles/Merchant/Models
  artifactKey: Guid(0221a34e86a6713c28d5579ff304f31f) Importer(2089858483,192608db42251d675da83286b1cce702)
Start importing Assets/Art/Vehicles/Merchant/Models using Guid(0221a34e86a6713c28d5579ff304f31f) Importer(2089858483,192608db42251d675da83286b1cce702) (ScriptedImporter) -> (artifact id: '6978b1a135b646291490affc32fef0d7') in 0.002172242 seconds
Number of updated asset objects reloaded before import = 0Number of asset objects unloaded after import = 1

========================================================================
Received Import Request.
  Time since last request: 0.000014 seconds.
  path: Assets/Art/Characters/Merchant/Sprites
  artifactKey: Guid(f2252daec8bcfeee29f0c6dc0e4d3127) Importer(2089858483,192608db42251d675da83286b1cce702)
Start importing Assets/Art/Characters/Merchant/Sprites using Guid(f2252daec8bcfeee29f0c6dc0e4d3127) Importer(2089858483,192608db42251d675da83286b1cce702) (ScriptedImporter) -> (artifact id: 'fef12d29f69b2eee81d1f63caa4a9fa3') in 0.001981898 seconds
Number of updated asset objects reloaded before import = 0Number of asset objects unloaded after import = 1

========================================================================
Received Import Request.
  Time since last request: 0.000016 seconds.
  path: Assets/Art/Enviroments/Plains/NIght/Parallax/00_Sky
  artifactKey: Guid(e94815692727ad4528d5f27a6b7bd273) Importer(2089858483,192608db42251d675da83286b1cce702)
Start importing Assets/Art/Enviroments/Plains/NIght/Parallax/00_Sky using Guid(e94815692727ad4528d5f27a6b7bd273) Importer(2089858483,192608db42251d675da83286b1cce702) (ScriptedImporter) -> (artifact id: 'c427a769056654b0b894c33a92c49350') in 0.002225161 seconds
Number of updated asset objects reloaded before import = 0Number of asset objects unloaded after import = 1

========================================================================
Received Import Request.
  Time since last request: 0.000013 seconds.
  path: Assets/Art/VFX/Weather
  artifactKey: Guid(788fd3d8cc73a10839ba63a96c70bf4f) Importer(2089858483,192608db42251d675da83286b1cce702)
Start importing Assets/Art/VFX/Weather using Guid(788fd3d8cc73a10839ba63a96c70bf4f) Importer(2089858483,192608db42251d675da83286b1cce702) (ScriptedImporter) -> (artifact id: '3bb30edce9b1641f25b0676da9f146fe') in 0.002374961 seconds
Number of updated asset objects reloaded before import = 0Number of asset objects unloaded after import = 1

========================================================================
Received Import Request.
  Time since last request: 0.000016 seconds.
  path: Assets/Prefabs/Vehicles
  artifactKey: Guid(0e9c0ca02312bc90491197f5a5d546a9) Importer(2089858483,192608db42251d675da83286b1cce702)
Start importing Assets/Prefabs/Vehicles using Guid(0e9c0ca02312bc90491197f5a5d546a9) Importer(2089858483,192608db42251d675da83286b1cce702) (ScriptedImporter) -> (artifact id: '7e19eb91eb7c8b0d1d54a905f8dbb155') in 0.001994922 seconds
Number of updated asset objects reloaded before import = 0Number of asset objects unloaded after import = 1

========================================================================
Received Import Request.
  Time since last request: 0.000017 seconds.
  path: Assets/Art/Vehicles/Merchant/_SourceFiles
  artifactKey: Guid(0b04e48857b62f0ef8927e08a8db5942) Importer(2089858483,192608db42251d675da83286b1cce702)
Start importing Assets/Art/Vehicles/Merchant/_SourceFiles using Guid(0b04e48857b62f0ef8927e08a8db5942) Importer(2089858483,192608db42251d675da83286b1cce702) (ScriptedImporter) -> (artifact id: '04d51398b34a41da9f9fc63f77f38ba5') in 0.002048552 seconds
Number of updated asset objects reloaded before import = 0Number of asset objects unloaded after import = 1

========================================================================
Received Import Request.
  Time since last request: 0.000032 seconds.
  path: Assets/Art/VFX/Dust
  artifactKey: Guid(b5e1bea267286e77f8aa49bf8230be51) Importer(2089858483,192608db42251d675da83286b1cce702)
Start importing Assets/Art/VFX/Dust using Guid(b5e1bea267286e77f8aa49bf8230be51) Importer(2089858483,192608db42251d675da83286b1cce702) (ScriptedImporter) -> (artifact id: '5f58ccb95b4402439c4669025c9224a5') in 0.002367327 seconds
Number of updated asset objects reloaded before import = 0Number of asset objects unloaded after import = 1

========================================================================
Received Import Request.
  Time since last request: 0.000011 seconds.
  path: Assets/Art/UI/Sprites/Buttons
  artifactKey: Guid(c2d180deb2ac7a6558f5032b6b98df29) Importer(2089858483,192608db42251d675da83286b1cce702)
Start importing Assets/Art/UI/Sprites/Buttons using Guid(c2d180deb2ac7a6558f5032b6b98df29) Importer(2089858483,192608db42251d675da83286b1cce702) (ScriptedImporter) -> (artifact id: 'e12b32da518bf352d11358d9c3d627f1') in 0.00201483 seconds
Number of updated asset objects reloaded before import = 0Number of asset objects unloaded after import = 1

========================================================================
Received Import Request.
  Time since last request: 0.000018 seconds.
  path: Assets/Art/Enviroments/Plains/Day/Parallax/10_Far
  artifactKey: Guid(e1a56d8188091de3997d4517dbcdb0b6) Importer(2089858483,192608db42251d675da83286b1cce702)
Start importing Assets/Art/Enviroments/Plains/Day/Parallax/10_Far using Guid(e1a56d8188091de3997d4517dbcdb0b6) Importer(2089858483,192608db42251d675da83286b1cce702) (ScriptedImporter) -> (artifact id: 'ab8dabc33bc8d0b2ed4cb9301fcbdb28') in 0.002031059 seconds
Number of updated asset objects reloaded before import = 0Number of asset objects unloaded after import = 1

========================================================================
Received Import Request.
  Time since last request: 0.000015 seconds.
  path: Assets/Art/Vehicles/Merchant
  artifactKey: Guid(1e03a5fe987cda9a5a9d027bf65f785c) Importer(2089858483,192608db42251d675da83286b1cce702)
Start importing Assets/Art/Vehicles/Merchant using Guid(1e03a5fe987cda9a5a9d027bf65f785c) Importer(2089858483,192608db42251d675da83286b1cce702) (ScriptedImporter) -> (artifact id: '397bb2986937c70949e9647dde9ef01d') in 0.002177923 seconds
Number of updated asset objects reloaded before import = 0Number of asset objects unloaded after import = 1

========================================================================
Received Import Request.
  Time since last request: 0.000014 seconds.
  path: Assets/Art/UI/Sprites/HUD
  artifactKey: Guid(81d4da9e56c0d62949e77eef465fcf04) Importer(2089858483,192608db42251d675da83286b1cce702)
Start importing Assets/Art/UI/Sprites/HUD using Guid(81d4da9e56c0d62949e77eef465fcf04) Importer(2089858483,192608db42251d675da83286b1cce702) (ScriptedImporter) -> (artifact id: 'd89418f12419292e3f975519c068895b') in 0.002239748 seconds
Number of updated asset objects reloaded before import = 0Number of asset objects unloaded after import = 1

========================================================================
Received Import Request.
  Time since last request: 0.000014 seconds.
  path: Assets/Art/VFX/Particles
  artifactKey: Guid(fda95cc6e25416c0fbccf50a8333f020) Importer(2089858483,192608db42251d675da83286b1cce702)
Start importing Assets/Art/VFX/Particles using Guid(fda95cc6e25416c0fbccf50a8333f020) Importer(2089858483,192608db42251d675da83286b1cce702) (ScriptedImporter) -> (artifact id: 'a4a208fe8cb1b43afaf692f3902a0df8') in 0.002155051 seconds
Number of updated asset objects reloaded before import = 0Number of asset objects unloaded after import = 1

========================================================================
Received Import Request.
  Time since last request: 0.000014 seconds.
  path: Assets/Art/Characters/Merchant/Animations
  artifactKey: Guid(9fb202647b0eda697ad2b4f809f78695) Importer(2089858483,192608db42251d675da83286b1cce702)
Start importing Assets/Art/Characters/Merchant/Animations using Guid(9fb202647b0eda697ad2b4f809f78695) Importer(2089858483,192608db42251d675da83286b1cce702) (ScriptedImporter) -> (artifact id: '06c237eea45d4b4090215a72922d028f') in 0.002088466 seconds
Number of updated asset objects reloaded before import = 0Number of asset objects unloaded after import = 1

========================================================================
Received Import Request.
  Time since last request: 0.000016 seconds.
  path: Assets/Art
  artifactKey: Guid(561f248def97dfceab89e6d6c1723066) Importer(2089858483,192608db42251d675da83286b1cce702)
Start importing Assets/Art using Guid(561f248def97dfceab89e6d6c1723066) Importer(2089858483,192608db42251d675da83286b1cce702) (ScriptedImporter) -> (artifact id: '1c6887f3231863b4692a5b7961a0e251') in 0.002279203 seconds
Number of updated asset objects reloaded before import = 0Number of asset objects unloaded after import = 1

========================================================================
Received Import Request.
  Time since last request: 0.000014 seconds.
  path: Assets/Art/VFX/_SourceFiles
  artifactKey: Guid(09e864c58000a5978bbda80690fcd913) Importer(2089858483,192608db42251d675da83286b1cce702)
Start importing Assets/Art/VFX/_SourceFiles using Guid(09e864c58000a5978bbda80690fcd913) Importer(2089858483,192608db42251d675da83286b1cce702) (ScriptedImporter) -> (artifact id: '86e8c64df47da300f69dabb1e9b3933f') in 0.002570085 seconds
Number of updated asset objects reloaded before import = 0Number of asset objects unloaded after import = 1

========================================================================
Received Import Request.
  Time since last request: 0.000015 seconds.
  path: Assets/Art/UI/Sprites/Icons/Status
  artifactKey: Guid(6d586e0dddb8bfc0fba9ce862a255265) Importer(2089858483,192608db42251d675da83286b1cce702)
Start importing Assets/Art/UI/Sprites/Icons/Status using Guid(6d586e0dddb8bfc0fba9ce862a255265) Importer(2089858483,192608db42251d675da83286b1cce702) (ScriptedImporter) -> (artifact id: '498305e347ff9a6e0ff265e37c362952') in 0.001984141 seconds
Number of updated asset objects reloaded before import = 0Number of asset objects unloaded after import = 1

========================================================================
Received Import Request.
  Time since last request: 0.000018 seconds.
  path: Assets/Art/Enviroments/Plains/Day/Props
  artifactKey: Guid(be94f7bbbc8330329afd3601445a75e3) Importer(2089858483,192608db42251d675da83286b1cce702)
Start importing Assets/Art/Enviroments/Plains/Day/Props using Guid(be94f7bbbc8330329afd3601445a75e3) Importer(2089858483,192608db42251d675da83286b1cce702) (ScriptedImporter) -> (artifact id: 'b90f79f454fd661ea25d0f818cdfbc1a') in 0.001929631 seconds
Number of updated asset objects reloaded before import = 0Number of asset objects unloaded after import = 1

========================================================================
Received Import Request.
  Time since last request: 0.000019 seconds.
  path: Assets/Scenes/Gameplay
  artifactKey: Guid(1bf01e9a60bc7927786b0c14a067e5ad) Importer(2089858483,192608db42251d675da83286b1cce702)
Start importing Assets/Scenes/Gameplay using Guid(1bf01e9a60bc7927786b0c14a067e5ad) Importer(2089858483,192608db42251d675da83286b1cce702) (ScriptedImporter) -> (artifact id: 'fd0fee765c6c9385d0d0578d09e84278') in 0.002539848 seconds
Number of updated asset objects reloaded before import = 0Number of asset objects unloaded after import = 1

========================================================================
Received Import Request.
  Time since last request: 0.000029 seconds.
  path: Assets/Art/Enviroments/Plains
  artifactKey: Guid(521720d689ac2f17192312d04fd423ad) Importer(2089858483,192608db42251d675da83286b1cce702)
Start importing Assets/Art/Enviroments/Plains using Guid(521720d689ac2f17192312d04fd423ad) Importer(2089858483,192608db42251d675da83286b1cce702) (ScriptedImporter) -> (artifact id: '7ebed77040c574a3892c2604994ea17a') in 0.001925643 seconds
Number of updated asset objects reloaded before import = 0Number of asset objects unloaded after import = 1

========================================================================
Received Import Request.
  Time since last request: 0.000017 seconds.
  path: Assets/Scripts
  artifactKey: Guid(776736b76ed4067b381a053f547779ad) Importer(2089858483,192608db42251d675da83286b1cce702)
Start importing Assets/Scripts using Guid(776736b76ed4067b381a053f547779ad) Importer(2089858483,192608db42251d675da83286b1cce702) (ScriptedImporter) -> (artifact id: 'a8b6fe75b306ef97a25a60ac8284fc69') in 0.002348552 seconds
Number of updated asset objects reloaded before import = 0Number of asset objects unloaded after import = 1

========================================================================
Received Import Request.
  Time since last request: 0.000016 seconds.
  path: Assets/Art/_Shared/Materials
  artifactKey: Guid(1f2c5c51378b76e50b326bbf14ae6090) Importer(2089858483,192608db42251d675da83286b1cce702)
Start importing Assets/Art/_Shared/Materials using Guid(1f2c5c51378b76e50b326bbf14ae6090) Importer(2089858483,192608db42251d675da83286b1cce702) (ScriptedImporter) -> (artifact id: '8c5e126f12cbf47d0d7a12629ee1846e') in 0.001981998 seconds
Number of updated asset objects reloaded before import = 0Number of asset objects unloaded after import = 1

========================================================================
Received Import Request.
  Time since last request: 0.000016 seconds.
  path: Assets/Art/Enviroments/Plains/Day
  artifactKey: Guid(3c3dbe6abb6f61bdeac261e574abd66e) Importer(2089858483,192608db42251d675da83286b1cce702)
Start importing Assets/Art/Enviroments/Plains/Day using Guid(3c3dbe6abb6f61bdeac261e574abd66e) Importer(2089858483,192608db42251d675da83286b1cce702) (ScriptedImporter) -> (artifact id: '78e28142106ba8fed25aafc1bb4b5b83') in 0.001952042 seconds
Number of updated asset objects reloaded before import = 0Number of asset objects unloaded after import = 1

========================================================================
Received Import Request.
  Time since last request: 0.000017 seconds.
  path: Assets/Art/Characters/Merchant
  artifactKey: Guid(46e25356c90327e7fbc74cae53c15907) Importer(2089858483,192608db42251d675da83286b1cce702)
Start importing Assets/Art/Characters/Merchant using Guid(46e25356c90327e7fbc74cae53c15907) Importer(2089858483,192608db42251d675da83286b1cce702) (ScriptedImporter) -> (artifact id: '06a18c97eb4a1c53954ef07c2c1d2fea') in 0.001990634 seconds
Number of updated asset objects reloaded before import = 0Number of asset objects unloaded after import = 1

========================================================================
Received Import Request.
  Time since last request: 0.000015 seconds.
  path: Assets/Audio/SFX
  artifactKey: Guid(45037ef52d73a4adfbbc7f9f3e3c223e) Importer(2089858483,192608db42251d675da83286b1cce702)
Start importing Assets/Audio/SFX using Guid(45037ef52d73a4adfbbc7f9f3e3c223e) Importer(2089858483,192608db42251d675da83286b1cce702) (ScriptedImporter) -> (artifact id: '61d947f877ff261b1af835a734889873') in 0.002153017 seconds
Number of updated asset objects reloaded before import = 0Number of asset objects unloaded after import = 1

========================================================================
Received Import Request.
  Time since last request: 0.000029 seconds.
  path: Assets/Art/UI/_SourceFiles
  artifactKey: Guid(089ea09baed589a3f9b906695d09dc7e) Importer(2089858483,192608db42251d675da83286b1cce702)
Start importing Assets/Art/UI/_SourceFiles using Guid(089ea09baed589a3f9b906695d09dc7e) Importer(2089858483,192608db42251d675da83286b1cce702) (ScriptedImporter) -> (artifact id: '781202d2226a74ef6bf89cee44d535bb') in 0.002146816 seconds
Number of updated asset objects reloaded before import = 0Number of asset objects unloaded after import = 1

========================================================================
Received Import Request.
  Time since last request: 0.000018 seconds.
  path: Assets/Art/Enviroments/Plains/NIght/Props
  artifactKey: Guid(664ec291c5185dba9bc70673ac389706) Importer(2089858483,192608db42251d675da83286b1cce702)
Start importing Assets/Art/Enviroments/Plains/NIght/Props using Guid(664ec291c5185dba9bc70673ac389706) Importer(2089858483,192608db42251d675da83286b1cce702) (ScriptedImporter) -> (artifact id: 'da7ed7f1c48164f0c34e6ef64edf6f57') in 0.002111149 seconds
Number of updated asset objects reloaded before import = 0Number of asset objects unloaded after import = 1

========================================================================
Received Import Request.
  Time since last request: 0.000014 seconds.
  path: Assets/Art/Vehicles
  artifactKey: Guid(e8d40752ee630698988a1caa8a95da16) Importer(2089858483,192608db42251d675da83286b1cce702)
Start importing Assets/Art/Vehicles using Guid(e8d40752ee630698988a1caa8a95da16) Importer(2089858483,192608db42251d675da83286b1cce702) (ScriptedImporter) -> (artifact id: 'fe6f6f1b3e0eeaf23e132011e7251df5') in 0.001966298 seconds
Number of updated asset objects reloaded before import = 0Number of asset objects unloaded after import = 1

========================================================================
Received Import Request.
  Time since last request: 247.180954 seconds.
  path: Assets/Art
  artifactKey: Guid(561f248def97dfceab89e6d6c1723066) Importer(815301076,1909f56bfc062723c751e8b465ee728b)
Start importing Assets/Art using Guid(561f248def97dfceab89e6d6c1723066) Importer(815301076,1909f56bfc062723c751e8b465ee728b) (PreviewImporter) -> (artifact id: '968ba2188ffb660fc940257b5e18f4c0') in 0.00055745 seconds
Number of updated asset objects reloaded before import = 0Number of asset objects unloaded after import = 0

